The target system is: Linux -  - armv7l
The host system is: Linux - 3.19.0-84-generic - x86_64
Compiling the C compiler identification source file "CMakeCCompilerId.c" succeeded.
Compiler: /home/sabeur/Documents/DWL/BO_sc-downloader.env-v1/output/diw362_72604_UP_17.3_totalplay_debug/host/usr/bin/arm-linux-gcc 
Build flags: -D_LARGEFILE_SOURCE;-D_LARGEFILE64_SOURCE;-D_FILE_OFFSET_BITS=64;-pipe;-fstack-protector-all;-O2;-fstack-protector-all;
Id flags: 

The output was:
0


Compilation of the C compiler identification source "CMakeCCompilerId.c" produced "a.out"

The C compiler identification is GNU, found in "/home/sabeur/Documents/DWL/BO_sc-downloader.env-v1/output/diw362_72604_UP_17.3_totalplay_debug/build/libintldr-1.0.0/build/CMakeFiles/3.1.3/CompilerIdC/a.out"

Compiling the CXX compiler identification source file "CMakeCXXCompilerId.cpp" succeeded.
Compiler: /home/sabeur/Documents/DWL/BO_sc-downloader.env-v1/output/diw362_72604_UP_17.3_totalplay_debug/host/usr/bin/arm-linux-g++ 
Build flags: -D_LARGEFILE_SOURCE;-D_LARGEFILE64_SOURCE;-D_FILE_OFFSET_BITS=64;-pipe;-fstack-protector-all;-O2;-fstack-protector-all;-fstack-protector-all;
Id flags: 

The output was:
0


Compilation of the CXX compiler identification source "CMakeCXXCompilerId.cpp" produced "a.out"

The CXX compiler identification is GNU, found in "/home/sabeur/Documents/DWL/BO_sc-downloader.env-v1/output/diw362_72604_UP_17.3_totalplay_debug/build/libintldr-1.0.0/build/CMakeFiles/3.1.3/CompilerIdCXX/a.out"

Determining if the C compiler works passed with the following output:
Change Dir: /home/sabeur/Documents/DWL/BO_sc-downloader.env-v1/output/diw362_72604_UP_17.3_totalplay_debug/build/libintldr-1.0.0/build/CMakeFiles/CMakeTmp

Run Build Command:"/usr/bin/make" "cmTryCompileExec4293910324/fast"
make[2]: Entering directory '/home/sabeur/Documents/DWL/BO_sc-downloader.env-v1/output/diw362_72604_UP_17.3_totalplay_debug/build/libintldr-1.0.0/build/CMakeFiles/CMakeTmp'
/usr/bin/make -f CMakeFiles/cmTryCompileExec4293910324.dir/build.make CMakeFiles/cmTryCompileExec4293910324.dir/build
make[3]: Entering directory '/home/sabeur/Documents/DWL/BO_sc-downloader.env-v1/output/diw362_72604_UP_17.3_totalplay_debug/build/libintldr-1.0.0/build/CMakeFiles/CMakeTmp'
/home/sabeur/Documents/DWL/BO_sc-downloader.env-v1/output/diw362_72604_UP_17.3_totalplay_debug/host/usr/bin/cmake -E cmake_progress_report /home/sabeur/Documents/DWL/BO_sc-downloader.env-v1/output/diw362_72604_UP_17.3_totalplay_debug/build/libintldr-1.0.0/build/CMakeFiles/CMakeTmp/CMakeFiles 1
Building C object CMakeFiles/cmTryCompileExec4293910324.dir/testCCompiler.c.o
/home/sabeur/Documents/DWL/BO_sc-downloader.env-v1/output/diw362_72604_UP_17.3_totalplay_debug/host/usr/bin/arm-linux-gcc   -D_LARGEFILE_SOURCE -D_LARGEFILE64_SOURCE -D_FILE_OFFSET_BITS=64 -pipe -fstack-protector-all -O2 -fstack-protector-all     -o CMakeFiles/cmTryCompileExec4293910324.dir/testCCompiler.c.o   -c /home/sabeur/Documents/DWL/BO_sc-downloader.env-v1/output/diw362_72604_UP_17.3_totalplay_debug/build/libintldr-1.0.0/build/CMakeFiles/CMakeTmp/testCCompiler.c
Linking C executable cmTryCompileExec4293910324
/home/sabeur/Documents/DWL/BO_sc-downloader.env-v1/output/diw362_72604_UP_17.3_totalplay_debug/host/usr/bin/cmake -E cmake_link_script CMakeFiles/cmTryCompileExec4293910324.dir/link.txt --verbose=1
/home/sabeur/Documents/DWL/BO_sc-downloader.env-v1/output/diw362_72604_UP_17.3_totalplay_debug/host/usr/bin/arm-linux-gcc  -D_LARGEFILE_SOURCE -D_LARGEFILE64_SOURCE -D_FILE_OFFSET_BITS=64 -pipe -fstack-protector-all -O2 -fstack-protector-all      CMakeFiles/cmTryCompileExec4293910324.dir/testCCompiler.c.o  -o cmTryCompileExec4293910324 -rdynamic 
make[3]: Leaving directory '/home/sabeur/Documents/DWL/BO_sc-downloader.env-v1/output/diw362_72604_UP_17.3_totalplay_debug/build/libintldr-1.0.0/build/CMakeFiles/CMakeTmp'
make[2]: Leaving directory '/home/sabeur/Documents/DWL/BO_sc-downloader.env-v1/output/diw362_72604_UP_17.3_totalplay_debug/build/libintldr-1.0.0/build/CMakeFiles/CMakeTmp'


Detecting C compiler ABI info compiled with the following output:
Change Dir: /home/sabeur/Documents/DWL/BO_sc-downloader.env-v1/output/diw362_72604_UP_17.3_totalplay_debug/build/libintldr-1.0.0/build/CMakeFiles/CMakeTmp

Run Build Command:"/usr/bin/make" "cmTryCompileExec2993667881/fast"
make[2]: Entering directory '/home/sabeur/Documents/DWL/BO_sc-downloader.env-v1/output/diw362_72604_UP_17.3_totalplay_debug/build/libintldr-1.0.0/build/CMakeFiles/CMakeTmp'
/usr/bin/make -f CMakeFiles/cmTryCompileExec2993667881.dir/build.make CMakeFiles/cmTryCompileExec2993667881.dir/build
make[3]: Entering directory '/home/sabeur/Documents/DWL/BO_sc-downloader.env-v1/output/diw362_72604_UP_17.3_totalplay_debug/build/libintldr-1.0.0/build/CMakeFiles/CMakeTmp'
/home/sabeur/Documents/DWL/BO_sc-downloader.env-v1/output/diw362_72604_UP_17.3_totalplay_debug/host/usr/bin/cmake -E cmake_progress_report /home/sabeur/Documents/DWL/BO_sc-downloader.env-v1/output/diw362_72604_UP_17.3_totalplay_debug/build/libintldr-1.0.0/build/CMakeFiles/CMakeTmp/CMakeFiles 1
Building C object CMakeFiles/cmTryCompileExec2993667881.dir/CMakeCCompilerABI.c.o
/home/sabeur/Documents/DWL/BO_sc-downloader.env-v1/output/diw362_72604_UP_17.3_totalplay_debug/host/usr/bin/arm-linux-gcc   -D_LARGEFILE_SOURCE -D_LARGEFILE64_SOURCE -D_FILE_OFFSET_BITS=64 -pipe -fstack-protector-all -O2 -fstack-protector-all     -o CMakeFiles/cmTryCompileExec2993667881.dir/CMakeCCompilerABI.c.o   -c /home/sabeur/Documents/DWL/BO_sc-downloader.env-v1/output/diw362_72604_UP_17.3_totalplay_debug/host/usr/share/cmake-3.1/Modules/CMakeCCompilerABI.c
Linking C executable cmTryCompileExec2993667881
/home/sabeur/Documents/DWL/BO_sc-downloader.env-v1/output/diw362_72604_UP_17.3_totalplay_debug/host/usr/bin/cmake -E cmake_link_script CMakeFiles/cmTryCompileExec2993667881.dir/link.txt --verbose=1
/home/sabeur/Documents/DWL/BO_sc-downloader.env-v1/output/diw362_72604_UP_17.3_totalplay_debug/host/usr/bin/arm-linux-gcc  -D_LARGEFILE_SOURCE -D_LARGEFILE64_SOURCE -D_FILE_OFFSET_BITS=64 -pipe -fstack-protector-all -O2 -fstack-protector-all    -v CMakeFiles/cmTryCompileExec2993667881.dir/CMakeCCompilerABI.c.o  -o cmTryCompileExec2993667881 -rdynamic  
Using built-in specs.
COLLECT_GCC=/home/sabeur/Documents/DWL/BO_sc-downloader.env-v1/output/diw362_72604_UP_17.3_totalplay_debug/host/opt/ext-toolchain/bin/arm-linux-gcc
COLLECT_LTO_WRAPPER=/home/sabeur/Documents/DWL/BO_sc-downloader.env-v1/output/diw362_72604_UP_17.3_totalplay_debug/host/opt/ext-toolchain/bin/../libexec/gcc/arm-linux-gnueabihf/4.8.5/lto-wrapper
Target: arm-linux-gnueabihf
Configured with: ../gcc-linaro-4.8-2015.06/configure --target=arm-linux-gnueabihf --disable-multilib --prefix=/opt/toolchains/stbgcc-4.8-1.6 --with-build-time-tools=/home/vagrant/rpmbuild/BUILD/build-toolchain/opt/toolchains/stbgcc-4.8-1.6/arm-linux-gnueabihf/sys-root/../bin --with-sysroot=/opt/toolchains/stbgcc-4.8-1.6/arm-linux-gnueabihf/sys-root --with-build-sysroot=/home/vagrant/rpmbuild/BUILD/build-toolchain/opt/toolchains/stbgcc-4.8-1.6/arm-linux-gnueabihf/sys-root --enable-threads=posix --enable-long-long --enable-c99 --enable-plugins --enable-__cxa_atexit --with-gmp=/home/vagrant/rpmbuild/BUILD/prereq --with-mpfr=/home/vagrant/rpmbuild/BUILD/prereq --with-mpc=/home/vagrant/rpmbuild/BUILD/prereq --enable-symvers=gnu --enable-languages=c,c++ --enable-target-optspace --with-pkgversion='Broadcom stbgcc-4.8-1.6' --with-bugurl=file:///opt/toolchains/stbgcc-4.8-1.6/info/README.Bugs --disable-isl-version-check --with-arch=armv7-a --with-mode=thumb --with-fpu=vfpv3-d16 --with-float=hard
Thread model: posix
gcc version 4.8.5 (Broadcom stbgcc-4.8-1.6) 
COMPILER_PATH=/home/sabeur/Documents/DWL/BO_sc-downloader.env-v1/output/diw362_72604_UP_17.3_totalplay_debug/host/opt/ext-toolchain/bin/../libexec/gcc/arm-linux-gnueabihf/4.8.5/:/home/sabeur/Documents/DWL/BO_sc-downloader.env-v1/output/diw362_72604_UP_17.3_totalplay_debug/host/opt/ext-toolchain/bin/../libexec/gcc/:/home/sabeur/Documents/DWL/BO_sc-downloader.env-v1/output/diw362_72604_UP_17.3_totalplay_debug/host/opt/ext-toolchain/bin/../lib/gcc/arm-linux-gnueabihf/4.8.5/../../../../arm-linux-gnueabihf/bin/
LIBRARY_PATH=/home/sabeur/Documents/DWL/BO_sc-downloader.env-v1/output/diw362_72604_UP_17.3_totalplay_debug/host/opt/ext-toolchain/bin/../lib/gcc/arm-linux-gnueabihf/4.8.5/:/home/sabeur/Documents/DWL/BO_sc-downloader.env-v1/output/diw362_72604_UP_17.3_totalplay_debug/host/opt/ext-toolchain/bin/../lib/gcc/:/home/sabeur/Documents/DWL/BO_sc-downloader.env-v1/output/diw362_72604_UP_17.3_totalplay_debug/host/opt/ext-toolchain/bin/../lib/gcc/arm-linux-gnueabihf/4.8.5/../../../../arm-linux-gnueabihf/lib/:/home/sabeur/Documents/DWL/BO_sc-downloader.env-v1/output/diw362_72604_UP_17.3_totalplay_debug/host/usr/arm-buildroot-linux-gnueabihf/sysroot/lib/:/home/sabeur/Documents/DWL/BO_sc-downloader.env-v1/output/diw362_72604_UP_17.3_totalplay_debug/host/usr/arm-buildroot-linux-gnueabihf/sysroot/usr/lib/
COLLECT_GCC_OPTIONS='-mabi=aapcs-linux' '-mfpu=vfpv4-d16' '-marm' '-pipe' '-fstack-protector-all' '-mfloat-abi=hard' '-mcpu=cortex-a15' '-D' '_LARGEFILE_SOURCE' '-D' '_LARGEFILE64_SOURCE' '-D' '_FILE_OFFSET_BITS=64' '-pipe' '-fstack-protector-all' '-O2' '-fstack-protector-all' '-v' '-o' 'cmTryCompileExec2993667881' '-rdynamic' '-mtls-dialect=gnu'
 /home/sabeur/Documents/DWL/BO_sc-downloader.env-v1/output/diw362_72604_UP_17.3_totalplay_debug/host/opt/ext-toolchain/bin/../libexec/gcc/arm-linux-gnueabihf/4.8.5/collect2 --sysroot=/home/sabeur/Documents/DWL/BO_sc-downloader.env-v1/output/diw362_72604_UP_17.3_totalplay_debug/host/usr/arm-buildroot-linux-gnueabihf/sysroot --eh-frame-hdr -export-dynamic -dynamic-linker /lib/ld-linux-armhf.so.3 -X -m armelf_linux_eabi -o cmTryCompileExec2993667881 /home/sabeur/Documents/DWL/BO_sc-downloader.env-v1/output/diw362_72604_UP_17.3_totalplay_debug/host/usr/arm-buildroot-linux-gnueabihf/sysroot/usr/lib/crt1.o /home/sabeur/Documents/DWL/BO_sc-downloader.env-v1/output/diw362_72604_UP_17.3_totalplay_debug/host/usr/arm-buildroot-linux-gnueabihf/sysroot/usr/lib/crti.o /home/sabeur/Documents/DWL/BO_sc-downloader.env-v1/output/diw362_72604_UP_17.3_totalplay_debug/host/opt/ext-toolchain/bin/../lib/gcc/arm-linux-gnueabihf/4.8.5/crtbegin.o -L/home/sabeur/Documents/DWL/BO_sc-downloader.env-v1/output/diw362_72604_UP_17.3_totalplay_debug/host/opt/ext-toolchain/bin/../lib/gcc/arm-linux-gnueabihf/4.8.5 -L/home/sabeur/Documents/DWL/BO_sc-downloader.env-v1/output/diw362_72604_UP_17.3_totalplay_debug/host/opt/ext-toolchain/bin/../lib/gcc -L/home/sabeur/Documents/DWL/BO_sc-downloader.env-v1/output/diw362_72604_UP_17.3_totalplay_debug/host/opt/ext-toolchain/bin/../lib/gcc/arm-linux-gnueabihf/4.8.5/../../../../arm-linux-gnueabihf/lib -L/home/sabeur/Documents/DWL/BO_sc-downloader.env-v1/output/diw362_72604_UP_17.3_totalplay_debug/host/usr/arm-buildroot-linux-gnueabihf/sysroot/lib -L/home/sabeur/Documents/DWL/BO_sc-downloader.env-v1/output/diw362_72604_UP_17.3_totalplay_debug/host/usr/arm-buildroot-linux-gnueabihf/sysroot/usr/lib CMakeFiles/cmTryCompileExec2993667881.dir/CMakeCCompilerABI.c.o -lgcc --as-needed -lgcc_s --no-as-needed -lc -lgcc --as-needed -lgcc_s --no-as-needed /home/sabeur/Documents/DWL/BO_sc-downloader.env-v1/output/diw362_72604_UP_17.3_totalplay_debug/host/opt/ext-toolchain/bin/../lib/gcc/arm-linux-gnueabihf/4.8.5/crtend.o /home/sabeur/Documents/DWL/BO_sc-downloader.env-v1/output/diw362_72604_UP_17.3_totalplay_debug/host/usr/arm-buildroot-linux-gnueabihf/sysroot/usr/lib/crtn.o
make[3]: Leaving directory '/home/sabeur/Documents/DWL/BO_sc-downloader.env-v1/output/diw362_72604_UP_17.3_totalplay_debug/build/libintldr-1.0.0/build/CMakeFiles/CMakeTmp'
make[2]: Leaving directory '/home/sabeur/Documents/DWL/BO_sc-downloader.env-v1/output/diw362_72604_UP_17.3_totalplay_debug/build/libintldr-1.0.0/build/CMakeFiles/CMakeTmp'


Parsed C implicit link information from above output:
  link line regex: [^( *|.*[/\])(arm-linux-ld|([^/\]+-)?ld|collect2)[^/\]*( |$)]
  ignore line: [Change Dir: /home/sabeur/Documents/DWL/BO_sc-downloader.env-v1/output/diw362_72604_UP_17.3_totalplay_debug/build/libintldr-1.0.0/build/CMakeFiles/CMakeTmp]
  ignore line: []
  ignore line: [Run Build Command:"/usr/bin/make" "cmTryCompileExec2993667881/fast"]
  ignore line: [make[2]: Entering directory '/home/sabeur/Documents/DWL/BO_sc-downloader.env-v1/output/diw362_72604_UP_17.3_totalplay_debug/build/libintldr-1.0.0/build/CMakeFiles/CMakeTmp']
  ignore line: [/usr/bin/make -f CMakeFiles/cmTryCompileExec2993667881.dir/build.make CMakeFiles/cmTryCompileExec2993667881.dir/build]
  ignore line: [make[3]: Entering directory '/home/sabeur/Documents/DWL/BO_sc-downloader.env-v1/output/diw362_72604_UP_17.3_totalplay_debug/build/libintldr-1.0.0/build/CMakeFiles/CMakeTmp']
  ignore line: [/home/sabeur/Documents/DWL/BO_sc-downloader.env-v1/output/diw362_72604_UP_17.3_totalplay_debug/host/usr/bin/cmake -E cmake_progress_report /home/sabeur/Documents/DWL/BO_sc-downloader.env-v1/output/diw362_72604_UP_17.3_totalplay_debug/build/libintldr-1.0.0/build/CMakeFiles/CMakeTmp/CMakeFiles 1]
  ignore line: [Building C object CMakeFiles/cmTryCompileExec2993667881.dir/CMakeCCompilerABI.c.o]
  ignore line: [/home/sabeur/Documents/DWL/BO_sc-downloader.env-v1/output/diw362_72604_UP_17.3_totalplay_debug/host/usr/bin/arm-linux-gcc   -D_LARGEFILE_SOURCE -D_LARGEFILE64_SOURCE -D_FILE_OFFSET_BITS=64 -pipe -fstack-protector-all -O2 -fstack-protector-all     -o CMakeFiles/cmTryCompileExec2993667881.dir/CMakeCCompilerABI.c.o   -c /home/sabeur/Documents/DWL/BO_sc-downloader.env-v1/output/diw362_72604_UP_17.3_totalplay_debug/host/usr/share/cmake-3.1/Modules/CMakeCCompilerABI.c]
  ignore line: [Linking C executable cmTryCompileExec2993667881]
  ignore line: [/home/sabeur/Documents/DWL/BO_sc-downloader.env-v1/output/diw362_72604_UP_17.3_totalplay_debug/host/usr/bin/cmake -E cmake_link_script CMakeFiles/cmTryCompileExec2993667881.dir/link.txt --verbose=1]
  ignore line: [/home/sabeur/Documents/DWL/BO_sc-downloader.env-v1/output/diw362_72604_UP_17.3_totalplay_debug/host/usr/bin/arm-linux-gcc  -D_LARGEFILE_SOURCE -D_LARGEFILE64_SOURCE -D_FILE_OFFSET_BITS=64 -pipe -fstack-protector-all -O2 -fstack-protector-all    -v CMakeFiles/cmTryCompileExec2993667881.dir/CMakeCCompilerABI.c.o  -o cmTryCompileExec2993667881 -rdynamic  ]
  ignore line: [Using built-in specs.]
  ignore line: [COLLECT_GCC=/home/sabeur/Documents/DWL/BO_sc-downloader.env-v1/output/diw362_72604_UP_17.3_totalplay_debug/host/opt/ext-toolchain/bin/arm-linux-gcc]
  ignore line: [COLLECT_LTO_WRAPPER=/home/sabeur/Documents/DWL/BO_sc-downloader.env-v1/output/diw362_72604_UP_17.3_totalplay_debug/host/opt/ext-toolchain/bin/../libexec/gcc/arm-linux-gnueabihf/4.8.5/lto-wrapper]
  ignore line: [Target: arm-linux-gnueabihf]
  ignore line: [Configured with: ../gcc-linaro-4.8-2015.06/configure --target=arm-linux-gnueabihf --disable-multilib --prefix=/opt/toolchains/stbgcc-4.8-1.6 --with-build-time-tools=/home/vagrant/rpmbuild/BUILD/build-toolchain/opt/toolchains/stbgcc-4.8-1.6/arm-linux-gnueabihf/sys-root/../bin --with-sysroot=/opt/toolchains/stbgcc-4.8-1.6/arm-linux-gnueabihf/sys-root --with-build-sysroot=/home/vagrant/rpmbuild/BUILD/build-toolchain/opt/toolchains/stbgcc-4.8-1.6/arm-linux-gnueabihf/sys-root --enable-threads=posix --enable-long-long --enable-c99 --enable-plugins --enable-__cxa_atexit --with-gmp=/home/vagrant/rpmbuild/BUILD/prereq --with-mpfr=/home/vagrant/rpmbuild/BUILD/prereq --with-mpc=/home/vagrant/rpmbuild/BUILD/prereq --enable-symvers=gnu --enable-languages=c,c++ --enable-target-optspace --with-pkgversion='Broadcom stbgcc-4.8-1.6' --with-bugurl=file:///opt/toolchains/stbgcc-4.8-1.6/info/README.Bugs --disable-isl-version-check --with-arch=armv7-a --with-mode=thumb --with-fpu=vfpv3-d16 --with-float=hard]
  ignore line: [Thread model: posix]
  ignore line: [gcc version 4.8.5 (Broadcom stbgcc-4.8-1.6) ]
  ignore line: [COMPILER_PATH=/home/sabeur/Documents/DWL/BO_sc-downloader.env-v1/output/diw362_72604_UP_17.3_totalplay_debug/host/opt/ext-toolchain/bin/../libexec/gcc/arm-linux-gnueabihf/4.8.5/:/home/sabeur/Documents/DWL/BO_sc-downloader.env-v1/output/diw362_72604_UP_17.3_totalplay_debug/host/opt/ext-toolchain/bin/../libexec/gcc/:/home/sabeur/Documents/DWL/BO_sc-downloader.env-v1/output/diw362_72604_UP_17.3_totalplay_debug/host/opt/ext-toolchain/bin/../lib/gcc/arm-linux-gnueabihf/4.8.5/../../../../arm-linux-gnueabihf/bin/]
  ignore line: [LIBRARY_PATH=/home/sabeur/Documents/DWL/BO_sc-downloader.env-v1/output/diw362_72604_UP_17.3_totalplay_debug/host/opt/ext-toolchain/bin/../lib/gcc/arm-linux-gnueabihf/4.8.5/:/home/sabeur/Documents/DWL/BO_sc-downloader.env-v1/output/diw362_72604_UP_17.3_totalplay_debug/host/opt/ext-toolchain/bin/../lib/gcc/:/home/sabeur/Documents/DWL/BO_sc-downloader.env-v1/output/diw362_72604_UP_17.3_totalplay_debug/host/opt/ext-toolchain/bin/../lib/gcc/arm-linux-gnueabihf/4.8.5/../../../../arm-linux-gnueabihf/lib/:/home/sabeur/Documents/DWL/BO_sc-downloader.env-v1/output/diw362_72604_UP_17.3_totalplay_debug/host/usr/arm-buildroot-linux-gnueabihf/sysroot/lib/:/home/sabeur/Documents/DWL/BO_sc-downloader.env-v1/output/diw362_72604_UP_17.3_totalplay_debug/host/usr/arm-buildroot-linux-gnueabihf/sysroot/usr/lib/]
  ignore line: [COLLECT_GCC_OPTIONS='-mabi=aapcs-linux' '-mfpu=vfpv4-d16' '-marm' '-pipe' '-fstack-protector-all' '-mfloat-abi=hard' '-mcpu=cortex-a15' '-D' '_LARGEFILE_SOURCE' '-D' '_LARGEFILE64_SOURCE' '-D' '_FILE_OFFSET_BITS=64' '-pipe' '-fstack-protector-all' '-O2' '-fstack-protector-all' '-v' '-o' 'cmTryCompileExec2993667881' '-rdynamic' '-mtls-dialect=gnu']
  link line: [ /home/sabeur/Documents/DWL/BO_sc-downloader.env-v1/output/diw362_72604_UP_17.3_totalplay_debug/host/opt/ext-toolchain/bin/../libexec/gcc/arm-linux-gnueabihf/4.8.5/collect2 --sysroot=/home/sabeur/Documents/DWL/BO_sc-downloader.env-v1/output/diw362_72604_UP_17.3_totalplay_debug/host/usr/arm-buildroot-linux-gnueabihf/sysroot --eh-frame-hdr -export-dynamic -dynamic-linker /lib/ld-linux-armhf.so.3 -X -m armelf_linux_eabi -o cmTryCompileExec2993667881 /home/sabeur/Documents/DWL/BO_sc-downloader.env-v1/output/diw362_72604_UP_17.3_totalplay_debug/host/usr/arm-buildroot-linux-gnueabihf/sysroot/usr/lib/crt1.o /home/sabeur/Documents/DWL/BO_sc-downloader.env-v1/output/diw362_72604_UP_17.3_totalplay_debug/host/usr/arm-buildroot-linux-gnueabihf/sysroot/usr/lib/crti.o /home/sabeur/Documents/DWL/BO_sc-downloader.env-v1/output/diw362_72604_UP_17.3_totalplay_debug/host/opt/ext-toolchain/bin/../lib/gcc/arm-linux-gnueabihf/4.8.5/crtbegin.o -L/home/sabeur/Documents/DWL/BO_sc-downloader.env-v1/output/diw362_72604_UP_17.3_totalplay_debug/host/opt/ext-toolchain/bin/../lib/gcc/arm-linux-gnueabihf/4.8.5 -L/home/sabeur/Documents/DWL/BO_sc-downloader.env-v1/output/diw362_72604_UP_17.3_totalplay_debug/host/opt/ext-toolchain/bin/../lib/gcc -L/home/sabeur/Documents/DWL/BO_sc-downloader.env-v1/output/diw362_72604_UP_17.3_totalplay_debug/host/opt/ext-toolchain/bin/../lib/gcc/arm-linux-gnueabihf/4.8.5/../../../../arm-linux-gnueabihf/lib -L/home/sabeur/Documents/DWL/BO_sc-downloader.env-v1/output/diw362_72604_UP_17.3_totalplay_debug/host/usr/arm-buildroot-linux-gnueabihf/sysroot/lib -L/home/sabeur/Documents/DWL/BO_sc-downloader.env-v1/output/diw362_72604_UP_17.3_totalplay_debug/host/usr/arm-buildroot-linux-gnueabihf/sysroot/usr/lib CMakeFiles/cmTryCompileExec2993667881.dir/CMakeCCompilerABI.c.o -lgcc --as-needed -lgcc_s --no-as-needed -lc -lgcc --as-needed -lgcc_s --no-as-needed /home/sabeur/Documents/DWL/BO_sc-downloader.env-v1/output/diw362_72604_UP_17.3_totalplay_debug/host/opt/ext-toolchain/bin/../lib/gcc/arm-linux-gnueabihf/4.8.5/crtend.o /home/sabeur/Documents/DWL/BO_sc-downloader.env-v1/output/diw362_72604_UP_17.3_totalplay_debug/host/usr/arm-buildroot-linux-gnueabihf/sysroot/usr/lib/crtn.o]
    arg [/home/sabeur/Documents/DWL/BO_sc-downloader.env-v1/output/diw362_72604_UP_17.3_totalplay_debug/host/opt/ext-toolchain/bin/../libexec/gcc/arm-linux-gnueabihf/4.8.5/collect2] ==> ignore
    arg [--sysroot=/home/sabeur/Documents/DWL/BO_sc-downloader.env-v1/output/diw362_72604_UP_17.3_totalplay_debug/host/usr/arm-buildroot-linux-gnueabihf/sysroot] ==> ignore
    arg [--eh-frame-hdr] ==> ignore
    arg [-export-dynamic] ==> ignore
    arg [-dynamic-linker] ==> ignore
    arg [/lib/ld-linux-armhf.so.3] ==> ignore
    arg [-X] ==> ignore
    arg [-m] ==> ignore
    arg [armelf_linux_eabi] ==> ignore
    arg [-o] ==> ignore
    arg [cmTryCompileExec2993667881] ==> ignore
    arg [/home/sabeur/Documents/DWL/BO_sc-downloader.env-v1/output/diw362_72604_UP_17.3_totalplay_debug/host/usr/arm-buildroot-linux-gnueabihf/sysroot/usr/lib/crt1.o] ==> ignore
    arg [/home/sabeur/Documents/DWL/BO_sc-downloader.env-v1/output/diw362_72604_UP_17.3_totalplay_debug/host/usr/arm-buildroot-linux-gnueabihf/sysroot/usr/lib/crti.o] ==> ignore
    arg [/home/sabeur/Documents/DWL/BO_sc-downloader.env-v1/output/diw362_72604_UP_17.3_totalplay_debug/host/opt/ext-toolchain/bin/../lib/gcc/arm-linux-gnueabihf/4.8.5/crtbegin.o] ==> ignore
    arg [-L/home/sabeur/Documents/DWL/BO_sc-downloader.env-v1/output/diw362_72604_UP_17.3_totalplay_debug/host/opt/ext-toolchain/bin/../lib/gcc/arm-linux-gnueabihf/4.8.5] ==> dir [/home/sabeur/Documents/DWL/BO_sc-downloader.env-v1/output/diw362_72604_UP_17.3_totalplay_debug/host/opt/ext-toolchain/bin/../lib/gcc/arm-linux-gnueabihf/4.8.5]
    arg [-L/home/sabeur/Documents/DWL/BO_sc-downloader.env-v1/output/diw362_72604_UP_17.3_totalplay_debug/host/opt/ext-toolchain/bin/../lib/gcc] ==> dir [/home/sabeur/Documents/DWL/BO_sc-downloader.env-v1/output/diw362_72604_UP_17.3_totalplay_debug/host/opt/ext-toolchain/bin/../lib/gcc]
    arg [-L/home/sabeur/Documents/DWL/BO_sc-downloader.env-v1/output/diw362_72604_UP_17.3_totalplay_debug/host/opt/ext-toolchain/bin/../lib/gcc/arm-linux-gnueabihf/4.8.5/../../../../arm-linux-gnueabihf/lib] ==> dir [/home/sabeur/Documents/DWL/BO_sc-downloader.env-v1/output/diw362_72604_UP_17.3_totalplay_debug/host/opt/ext-toolchain/bin/../lib/gcc/arm-linux-gnueabihf/4.8.5/../../../../arm-linux-gnueabihf/lib]
    arg [-L/home/sabeur/Documents/DWL/BO_sc-downloader.env-v1/output/diw362_72604_UP_17.3_totalplay_debug/host/usr/arm-buildroot-linux-gnueabihf/sysroot/lib] ==> dir [/home/sabeur/Documents/DWL/BO_sc-downloader.env-v1/output/diw362_72604_UP_17.3_totalplay_debug/host/usr/arm-buildroot-linux-gnueabihf/sysroot/lib]
    arg [-L/home/sabeur/Documents/DWL/BO_sc-downloader.env-v1/output/diw362_72604_UP_17.3_totalplay_debug/host/usr/arm-buildroot-linux-gnueabihf/sysroot/usr/lib] ==> dir [/home/sabeur/Documents/DWL/BO_sc-downloader.env-v1/output/diw362_72604_UP_17.3_totalplay_debug/host/usr/arm-buildroot-linux-gnueabihf/sysroot/usr/lib]
    arg [CMakeFiles/cmTryCompileExec2993667881.dir/CMakeCCompilerABI.c.o] ==> ignore
    arg [-lgcc] ==> lib [gcc]
    arg [--as-needed] ==> ignore
    arg [-lgcc_s] ==> lib [gcc_s]
    arg [--no-as-needed] ==> ignore
    arg [-lc] ==> lib [c]
    arg [-lgcc] ==> lib [gcc]
    arg [--as-needed] ==> ignore
    arg [-lgcc_s] ==> lib [gcc_s]
    arg [--no-as-needed] ==> ignore
    arg [/home/sabeur/Documents/DWL/BO_sc-downloader.env-v1/output/diw362_72604_UP_17.3_totalplay_debug/host/opt/ext-toolchain/bin/../lib/gcc/arm-linux-gnueabihf/4.8.5/crtend.o] ==> ignore
    arg [/home/sabeur/Documents/DWL/BO_sc-downloader.env-v1/output/diw362_72604_UP_17.3_totalplay_debug/host/usr/arm-buildroot-linux-gnueabihf/sysroot/usr/lib/crtn.o] ==> ignore
  remove lib [gcc]
  remove lib [gcc_s]
  remove lib [gcc]
  remove lib [gcc_s]
  collapse library dir [/home/sabeur/Documents/DWL/BO_sc-downloader.env-v1/output/diw362_72604_UP_17.3_totalplay_debug/host/opt/ext-toolchain/bin/../lib/gcc/arm-linux-gnueabihf/4.8.5] ==> [/home/sabeur/Documents/DWL/BO_sc-downloader.env-v1/output/diw362_72604_UP_17.3_totalplay_debug/host/opt/ext-toolchain/lib/gcc/arm-linux-gnueabihf/4.8.5]
  collapse library dir [/home/sabeur/Documents/DWL/BO_sc-downloader.env-v1/output/diw362_72604_UP_17.3_totalplay_debug/host/opt/ext-toolchain/bin/../lib/gcc] ==> [/home/sabeur/Documents/DWL/BO_sc-downloader.env-v1/output/diw362_72604_UP_17.3_totalplay_debug/host/opt/ext-toolchain/lib/gcc]
  collapse library dir [/home/sabeur/Documents/DWL/BO_sc-downloader.env-v1/output/diw362_72604_UP_17.3_totalplay_debug/host/opt/ext-toolchain/bin/../lib/gcc/arm-linux-gnueabihf/4.8.5/../../../../arm-linux-gnueabihf/lib] ==> [/home/sabeur/Documents/DWL/BO_sc-downloader.env-v1/output/diw362_72604_UP_17.3_totalplay_debug/host/opt/ext-toolchain/arm-linux-gnueabihf/lib]
  collapse library dir [/home/sabeur/Documents/DWL/BO_sc-downloader.env-v1/output/diw362_72604_UP_17.3_totalplay_debug/host/usr/arm-buildroot-linux-gnueabihf/sysroot/lib] ==> [/home/sabeur/Documents/DWL/BO_sc-downloader.env-v1/output/diw362_72604_UP_17.3_totalplay_debug/host/usr/arm-buildroot-linux-gnueabihf/sysroot/lib]
  collapse library dir [/home/sabeur/Documents/DWL/BO_sc-downloader.env-v1/output/diw362_72604_UP_17.3_totalplay_debug/host/usr/arm-buildroot-linux-gnueabihf/sysroot/usr/lib] ==> [/home/sabeur/Documents/DWL/BO_sc-downloader.env-v1/output/diw362_72604_UP_17.3_totalplay_debug/host/usr/arm-buildroot-linux-gnueabihf/sysroot/usr/lib]
  implicit libs: [c]
  implicit dirs: [/home/sabeur/Documents/DWL/BO_sc-downloader.env-v1/output/diw362_72604_UP_17.3_totalplay_debug/host/opt/ext-toolchain/lib/gcc/arm-linux-gnueabihf/4.8.5;/home/sabeur/Documents/DWL/BO_sc-downloader.env-v1/output/diw362_72604_UP_17.3_totalplay_debug/host/opt/ext-toolchain/lib/gcc;/home/sabeur/Documents/DWL/BO_sc-downloader.env-v1/output/diw362_72604_UP_17.3_totalplay_debug/host/opt/ext-toolchain/arm-linux-gnueabihf/lib;/home/sabeur/Documents/DWL/BO_sc-downloader.env-v1/output/diw362_72604_UP_17.3_totalplay_debug/host/usr/arm-buildroot-linux-gnueabihf/sysroot/lib;/home/sabeur/Documents/DWL/BO_sc-downloader.env-v1/output/diw362_72604_UP_17.3_totalplay_debug/host/usr/arm-buildroot-linux-gnueabihf/sysroot/usr/lib]
  implicit fwks: []




Detecting C [-std=c90] compiler features compiled with the following output:
Change Dir: /home/sabeur/Documents/DWL/BO_sc-downloader.env-v1/output/diw362_72604_UP_17.3_totalplay_debug/build/libintldr-1.0.0/build/CMakeFiles/CMakeTmp

Run Build Command:"/usr/bin/make" "cmTryCompileExec129309318/fast"
make[2]: Entering directory '/home/sabeur/Documents/DWL/BO_sc-downloader.env-v1/output/diw362_72604_UP_17.3_totalplay_debug/build/libintldr-1.0.0/build/CMakeFiles/CMakeTmp'
/usr/bin/make -f CMakeFiles/cmTryCompileExec129309318.dir/build.make CMakeFiles/cmTryCompileExec129309318.dir/build
make[3]: Entering directory '/home/sabeur/Documents/DWL/BO_sc-downloader.env-v1/output/diw362_72604_UP_17.3_totalplay_debug/build/libintldr-1.0.0/build/CMakeFiles/CMakeTmp'
/home/sabeur/Documents/DWL/BO_sc-downloader.env-v1/output/diw362_72604_UP_17.3_totalplay_debug/host/usr/bin/cmake -E cmake_progress_report /home/sabeur/Documents/DWL/BO_sc-downloader.env-v1/output/diw362_72604_UP_17.3_totalplay_debug/build/libintldr-1.0.0/build/CMakeFiles/CMakeTmp/CMakeFiles 1
Building C object CMakeFiles/cmTryCompileExec129309318.dir/feature_tests.c.o
/home/sabeur/Documents/DWL/BO_sc-downloader.env-v1/output/diw362_72604_UP_17.3_totalplay_debug/host/usr/bin/arm-linux-gcc   -D_LARGEFILE_SOURCE -D_LARGEFILE64_SOURCE -D_FILE_OFFSET_BITS=64 -pipe -fstack-protector-all -O2 -fstack-protector-all     -std=c90 -o CMakeFiles/cmTryCompileExec129309318.dir/feature_tests.c.o   -c /home/sabeur/Documents/DWL/BO_sc-downloader.env-v1/output/diw362_72604_UP_17.3_totalplay_debug/build/libintldr-1.0.0/build/CMakeFiles/feature_tests.c
Linking C executable cmTryCompileExec129309318
/home/sabeur/Documents/DWL/BO_sc-downloader.env-v1/output/diw362_72604_UP_17.3_totalplay_debug/host/usr/bin/cmake -E cmake_link_script CMakeFiles/cmTryCompileExec129309318.dir/link.txt --verbose=1
/home/sabeur/Documents/DWL/BO_sc-downloader.env-v1/output/diw362_72604_UP_17.3_totalplay_debug/host/usr/bin/arm-linux-gcc  -D_LARGEFILE_SOURCE -D_LARGEFILE64_SOURCE -D_FILE_OFFSET_BITS=64 -pipe -fstack-protector-all -O2 -fstack-protector-all      CMakeFiles/cmTryCompileExec129309318.dir/feature_tests.c.o  -o cmTryCompileExec129309318 -rdynamic 
make[3]: Leaving directory '/home/sabeur/Documents/DWL/BO_sc-downloader.env-v1/output/diw362_72604_UP_17.3_totalplay_debug/build/libintldr-1.0.0/build/CMakeFiles/CMakeTmp'
make[2]: Leaving directory '/home/sabeur/Documents/DWL/BO_sc-downloader.env-v1/output/diw362_72604_UP_17.3_totalplay_debug/build/libintldr-1.0.0/build/CMakeFiles/CMakeTmp'


    Feature record: C_FEATURE:1c_function_prototypes
    Feature record: C_FEATURE:0c_restrict
    Feature record: C_FEATURE:0c_static_assert
    Feature record: C_FEATURE:0c_variadic_macros


Detecting C [-std=c99] compiler features compiled with the following output:
Change Dir: /home/sabeur/Documents/DWL/BO_sc-downloader.env-v1/output/diw362_72604_UP_17.3_totalplay_debug/build/libintldr-1.0.0/build/CMakeFiles/CMakeTmp

Run Build Command:"/usr/bin/make" "cmTryCompileExec3550508787/fast"
make[2]: Entering directory '/home/sabeur/Documents/DWL/BO_sc-downloader.env-v1/output/diw362_72604_UP_17.3_totalplay_debug/build/libintldr-1.0.0/build/CMakeFiles/CMakeTmp'
/usr/bin/make -f CMakeFiles/cmTryCompileExec3550508787.dir/build.make CMakeFiles/cmTryCompileExec3550508787.dir/build
make[3]: Entering directory '/home/sabeur/Documents/DWL/BO_sc-downloader.env-v1/output/diw362_72604_UP_17.3_totalplay_debug/build/libintldr-1.0.0/build/CMakeFiles/CMakeTmp'
/home/sabeur/Documents/DWL/BO_sc-downloader.env-v1/output/diw362_72604_UP_17.3_totalplay_debug/host/usr/bin/cmake -E cmake_progress_report /home/sabeur/Documents/DWL/BO_sc-downloader.env-v1/output/diw362_72604_UP_17.3_totalplay_debug/build/libintldr-1.0.0/build/CMakeFiles/CMakeTmp/CMakeFiles 1
Building C object CMakeFiles/cmTryCompileExec3550508787.dir/feature_tests.c.o
/home/sabeur/Documents/DWL/BO_sc-downloader.env-v1/output/diw362_72604_UP_17.3_totalplay_debug/host/usr/bin/arm-linux-gcc   -D_LARGEFILE_SOURCE -D_LARGEFILE64_SOURCE -D_FILE_OFFSET_BITS=64 -pipe -fstack-protector-all -O2 -fstack-protector-all     -std=c99 -o CMakeFiles/cmTryCompileExec3550508787.dir/feature_tests.c.o   -c /home/sabeur/Documents/DWL/BO_sc-downloader.env-v1/output/diw362_72604_UP_17.3_totalplay_debug/build/libintldr-1.0.0/build/CMakeFiles/feature_tests.c
Linking C executable cmTryCompileExec3550508787
/home/sabeur/Documents/DWL/BO_sc-downloader.env-v1/output/diw362_72604_UP_17.3_totalplay_debug/host/usr/bin/cmake -E cmake_link_script CMakeFiles/cmTryCompileExec3550508787.dir/link.txt --verbose=1
/home/sabeur/Documents/DWL/BO_sc-downloader.env-v1/output/diw362_72604_UP_17.3_totalplay_debug/host/usr/bin/arm-linux-gcc  -D_LARGEFILE_SOURCE -D_LARGEFILE64_SOURCE -D_FILE_OFFSET_BITS=64 -pipe -fstack-protector-all -O2 -fstack-protector-all      CMakeFiles/cmTryCompileExec3550508787.dir/feature_tests.c.o  -o cmTryCompileExec3550508787 -rdynamic 
make[3]: Leaving directory '/home/sabeur/Documents/DWL/BO_sc-downloader.env-v1/output/diw362_72604_UP_17.3_totalplay_debug/build/libintldr-1.0.0/build/CMakeFiles/CMakeTmp'
make[2]: Leaving directory '/home/sabeur/Documents/DWL/BO_sc-downloader.env-v1/output/diw362_72604_UP_17.3_totalplay_debug/build/libintldr-1.0.0/build/CMakeFiles/CMakeTmp'


    Feature record: C_FEATURE:0c_function_prototypes
    Feature record: C_FEATURE:1c_restrict
    Feature record: C_FEATURE:0c_static_assert
    Feature record: C_FEATURE:1c_variadic_macros


Detecting C [-std=c11] compiler features compiled with the following output:
Change Dir: /home/sabeur/Documents/DWL/BO_sc-downloader.env-v1/output/diw362_72604_UP_17.3_totalplay_debug/build/libintldr-1.0.0/build/CMakeFiles/CMakeTmp

Run Build Command:"/usr/bin/make" "cmTryCompileExec2259084209/fast"
make[2]: Entering directory '/home/sabeur/Documents/DWL/BO_sc-downloader.env-v1/output/diw362_72604_UP_17.3_totalplay_debug/build/libintldr-1.0.0/build/CMakeFiles/CMakeTmp'
/usr/bin/make -f CMakeFiles/cmTryCompileExec2259084209.dir/build.make CMakeFiles/cmTryCompileExec2259084209.dir/build
make[3]: Entering directory '/home/sabeur/Documents/DWL/BO_sc-downloader.env-v1/output/diw362_72604_UP_17.3_totalplay_debug/build/libintldr-1.0.0/build/CMakeFiles/CMakeTmp'
/home/sabeur/Documents/DWL/BO_sc-downloader.env-v1/output/diw362_72604_UP_17.3_totalplay_debug/host/usr/bin/cmake -E cmake_progress_report /home/sabeur/Documents/DWL/BO_sc-downloader.env-v1/output/diw362_72604_UP_17.3_totalplay_debug/build/libintldr-1.0.0/build/CMakeFiles/CMakeTmp/CMakeFiles 1
Building C object CMakeFiles/cmTryCompileExec2259084209.dir/feature_tests.c.o
/home/sabeur/Documents/DWL/BO_sc-downloader.env-v1/output/diw362_72604_UP_17.3_totalplay_debug/host/usr/bin/arm-linux-gcc   -D_LARGEFILE_SOURCE -D_LARGEFILE64_SOURCE -D_FILE_OFFSET_BITS=64 -pipe -fstack-protector-all -O2 -fstack-protector-all     -std=c11 -o CMakeFiles/cmTryCompileExec2259084209.dir/feature_tests.c.o   -c /home/sabeur/Documents/DWL/BO_sc-downloader.env-v1/output/diw362_72604_UP_17.3_totalplay_debug/build/libintldr-1.0.0/build/CMakeFiles/feature_tests.c
Linking C executable cmTryCompileExec2259084209
/home/sabeur/Documents/DWL/BO_sc-downloader.env-v1/output/diw362_72604_UP_17.3_totalplay_debug/host/usr/bin/cmake -E cmake_link_script CMakeFiles/cmTryCompileExec2259084209.dir/link.txt --verbose=1
/home/sabeur/Documents/DWL/BO_sc-downloader.env-v1/output/diw362_72604_UP_17.3_totalplay_debug/host/usr/bin/arm-linux-gcc  -D_LARGEFILE_SOURCE -D_LARGEFILE64_SOURCE -D_FILE_OFFSET_BITS=64 -pipe -fstack-protector-all -O2 -fstack-protector-all      CMakeFiles/cmTryCompileExec2259084209.dir/feature_tests.c.o  -o cmTryCompileExec2259084209 -rdynamic 
make[3]: Leaving directory '/home/sabeur/Documents/DWL/BO_sc-downloader.env-v1/output/diw362_72604_UP_17.3_totalplay_debug/build/libintldr-1.0.0/build/CMakeFiles/CMakeTmp'
make[2]: Leaving directory '/home/sabeur/Documents/DWL/BO_sc-downloader.env-v1/output/diw362_72604_UP_17.3_totalplay_debug/build/libintldr-1.0.0/build/CMakeFiles/CMakeTmp'


    Feature record: C_FEATURE:0c_function_prototypes
    Feature record: C_FEATURE:1c_restrict
    Feature record: C_FEATURE:1c_static_assert
    Feature record: C_FEATURE:1c_variadic_macros
Determining if the CXX compiler works passed with the following output:
Change Dir: /home/sabeur/Documents/DWL/BO_sc-downloader.env-v1/output/diw362_72604_UP_17.3_totalplay_debug/build/libintldr-1.0.0/build/CMakeFiles/CMakeTmp

Run Build Command:"/usr/bin/make" "cmTryCompileExec2835632513/fast"
make[2]: Entering directory '/home/sabeur/Documents/DWL/BO_sc-downloader.env-v1/output/diw362_72604_UP_17.3_totalplay_debug/build/libintldr-1.0.0/build/CMakeFiles/CMakeTmp'
/usr/bin/make -f CMakeFiles/cmTryCompileExec2835632513.dir/build.make CMakeFiles/cmTryCompileExec2835632513.dir/build
make[3]: Entering directory '/home/sabeur/Documents/DWL/BO_sc-downloader.env-v1/output/diw362_72604_UP_17.3_totalplay_debug/build/libintldr-1.0.0/build/CMakeFiles/CMakeTmp'
/home/sabeur/Documents/DWL/BO_sc-downloader.env-v1/output/diw362_72604_UP_17.3_totalplay_debug/host/usr/bin/cmake -E cmake_progress_report /home/sabeur/Documents/DWL/BO_sc-downloader.env-v1/output/diw362_72604_UP_17.3_totalplay_debug/build/libintldr-1.0.0/build/CMakeFiles/CMakeTmp/CMakeFiles 1
Building CXX object CMakeFiles/cmTryCompileExec2835632513.dir/testCXXCompiler.cxx.o
/home/sabeur/Documents/DWL/BO_sc-downloader.env-v1/output/diw362_72604_UP_17.3_totalplay_debug/host/usr/bin/arm-linux-g++    -D_LARGEFILE_SOURCE -D_LARGEFILE64_SOURCE -D_FILE_OFFSET_BITS=64 -pipe -fstack-protector-all -O2 -fstack-protector-all -fstack-protector-all     -o CMakeFiles/cmTryCompileExec2835632513.dir/testCXXCompiler.cxx.o -c /home/sabeur/Documents/DWL/BO_sc-downloader.env-v1/output/diw362_72604_UP_17.3_totalplay_debug/build/libintldr-1.0.0/build/CMakeFiles/CMakeTmp/testCXXCompiler.cxx
Linking CXX executable cmTryCompileExec2835632513
/home/sabeur/Documents/DWL/BO_sc-downloader.env-v1/output/diw362_72604_UP_17.3_totalplay_debug/host/usr/bin/cmake -E cmake_link_script CMakeFiles/cmTryCompileExec2835632513.dir/link.txt --verbose=1
/home/sabeur/Documents/DWL/BO_sc-downloader.env-v1/output/diw362_72604_UP_17.3_totalplay_debug/host/usr/bin/arm-linux-g++   -D_LARGEFILE_SOURCE -D_LARGEFILE64_SOURCE -D_FILE_OFFSET_BITS=64 -pipe -fstack-protector-all -O2 -fstack-protector-all -fstack-protector-all      CMakeFiles/cmTryCompileExec2835632513.dir/testCXXCompiler.cxx.o  -o cmTryCompileExec2835632513 -rdynamic 
make[3]: Leaving directory '/home/sabeur/Documents/DWL/BO_sc-downloader.env-v1/output/diw362_72604_UP_17.3_totalplay_debug/build/libintldr-1.0.0/build/CMakeFiles/CMakeTmp'
make[2]: Leaving directory '/home/sabeur/Documents/DWL/BO_sc-downloader.env-v1/output/diw362_72604_UP_17.3_totalplay_debug/build/libintldr-1.0.0/build/CMakeFiles/CMakeTmp'


Detecting CXX compiler ABI info compiled with the following output:
Change Dir: /home/sabeur/Documents/DWL/BO_sc-downloader.env-v1/output/diw362_72604_UP_17.3_totalplay_debug/build/libintldr-1.0.0/build/CMakeFiles/CMakeTmp

Run Build Command:"/usr/bin/make" "cmTryCompileExec111187804/fast"
make[2]: Entering directory '/home/sabeur/Documents/DWL/BO_sc-downloader.env-v1/output/diw362_72604_UP_17.3_totalplay_debug/build/libintldr-1.0.0/build/CMakeFiles/CMakeTmp'
/usr/bin/make -f CMakeFiles/cmTryCompileExec111187804.dir/build.make CMakeFiles/cmTryCompileExec111187804.dir/build
make[3]: Entering directory '/home/sabeur/Documents/DWL/BO_sc-downloader.env-v1/output/diw362_72604_UP_17.3_totalplay_debug/build/libintldr-1.0.0/build/CMakeFiles/CMakeTmp'
/home/sabeur/Documents/DWL/BO_sc-downloader.env-v1/output/diw362_72604_UP_17.3_totalplay_debug/host/usr/bin/cmake -E cmake_progress_report /home/sabeur/Documents/DWL/BO_sc-downloader.env-v1/output/diw362_72604_UP_17.3_totalplay_debug/build/libintldr-1.0.0/build/CMakeFiles/CMakeTmp/CMakeFiles 1
Building CXX object CMakeFiles/cmTryCompileExec111187804.dir/CMakeCXXCompilerABI.cpp.o
/home/sabeur/Documents/DWL/BO_sc-downloader.env-v1/output/diw362_72604_UP_17.3_totalplay_debug/host/usr/bin/arm-linux-g++    -D_LARGEFILE_SOURCE -D_LARGEFILE64_SOURCE -D_FILE_OFFSET_BITS=64 -pipe -fstack-protector-all -O2 -fstack-protector-all -fstack-protector-all     -o CMakeFiles/cmTryCompileExec111187804.dir/CMakeCXXCompilerABI.cpp.o -c /home/sabeur/Documents/DWL/BO_sc-downloader.env-v1/output/diw362_72604_UP_17.3_totalplay_debug/host/usr/share/cmake-3.1/Modules/CMakeCXXCompilerABI.cpp
Linking CXX executable cmTryCompileExec111187804
/home/sabeur/Documents/DWL/BO_sc-downloader.env-v1/output/diw362_72604_UP_17.3_totalplay_debug/host/usr/bin/cmake -E cmake_link_script CMakeFiles/cmTryCompileExec111187804.dir/link.txt --verbose=1
/home/sabeur/Documents/DWL/BO_sc-downloader.env-v1/output/diw362_72604_UP_17.3_totalplay_debug/host/usr/bin/arm-linux-g++   -D_LARGEFILE_SOURCE -D_LARGEFILE64_SOURCE -D_FILE_OFFSET_BITS=64 -pipe -fstack-protector-all -O2 -fstack-protector-all -fstack-protector-all    -v CMakeFiles/cmTryCompileExec111187804.dir/CMakeCXXCompilerABI.cpp.o  -o cmTryCompileExec111187804 -rdynamic  
Using built-in specs.
COLLECT_GCC=/home/sabeur/Documents/DWL/BO_sc-downloader.env-v1/output/diw362_72604_UP_17.3_totalplay_debug/host/opt/ext-toolchain/bin/arm-linux-g++
COLLECT_LTO_WRAPPER=/home/sabeur/Documents/DWL/BO_sc-downloader.env-v1/output/diw362_72604_UP_17.3_totalplay_debug/host/opt/ext-toolchain/bin/../libexec/gcc/arm-linux-gnueabihf/4.8.5/lto-wrapper
Target: arm-linux-gnueabihf
Configured with: ../gcc-linaro-4.8-2015.06/configure --target=arm-linux-gnueabihf --disable-multilib --prefix=/opt/toolchains/stbgcc-4.8-1.6 --with-build-time-tools=/home/vagrant/rpmbuild/BUILD/build-toolchain/opt/toolchains/stbgcc-4.8-1.6/arm-linux-gnueabihf/sys-root/../bin --with-sysroot=/opt/toolchains/stbgcc-4.8-1.6/arm-linux-gnueabihf/sys-root --with-build-sysroot=/home/vagrant/rpmbuild/BUILD/build-toolchain/opt/toolchains/stbgcc-4.8-1.6/arm-linux-gnueabihf/sys-root --enable-threads=posix --enable-long-long --enable-c99 --enable-plugins --enable-__cxa_atexit --with-gmp=/home/vagrant/rpmbuild/BUILD/prereq --with-mpfr=/home/vagrant/rpmbuild/BUILD/prereq --with-mpc=/home/vagrant/rpmbuild/BUILD/prereq --enable-symvers=gnu --enable-languages=c,c++ --enable-target-optspace --with-pkgversion='Broadcom stbgcc-4.8-1.6' --with-bugurl=file:///opt/toolchains/stbgcc-4.8-1.6/info/README.Bugs --disable-isl-version-check --with-arch=armv7-a --with-mode=thumb --with-fpu=vfpv3-d16 --with-float=hard
Thread model: posix
gcc version 4.8.5 (Broadcom stbgcc-4.8-1.6) 
COMPILER_PATH=/home/sabeur/Documents/DWL/BO_sc-downloader.env-v1/output/diw362_72604_UP_17.3_totalplay_debug/host/opt/ext-toolchain/bin/../libexec/gcc/arm-linux-gnueabihf/4.8.5/:/home/sabeur/Documents/DWL/BO_sc-downloader.env-v1/output/diw362_72604_UP_17.3_totalplay_debug/host/opt/ext-toolchain/bin/../libexec/gcc/:/home/sabeur/Documents/DWL/BO_sc-downloader.env-v1/output/diw362_72604_UP_17.3_totalplay_debug/host/opt/ext-toolchain/bin/../lib/gcc/arm-linux-gnueabihf/4.8.5/../../../../arm-linux-gnueabihf/bin/
LIBRARY_PATH=/home/sabeur/Documents/DWL/BO_sc-downloader.env-v1/output/diw362_72604_UP_17.3_totalplay_debug/host/opt/ext-toolchain/bin/../lib/gcc/arm-linux-gnueabihf/4.8.5/:/home/sabeur/Documents/DWL/BO_sc-downloader.env-v1/output/diw362_72604_UP_17.3_totalplay_debug/host/opt/ext-toolchain/bin/../lib/gcc/:/home/sabeur/Documents/DWL/BO_sc-downloader.env-v1/output/diw362_72604_UP_17.3_totalplay_debug/host/opt/ext-toolchain/bin/../lib/gcc/arm-linux-gnueabihf/4.8.5/../../../../arm-linux-gnueabihf/lib/:/home/sabeur/Documents/DWL/BO_sc-downloader.env-v1/output/diw362_72604_UP_17.3_totalplay_debug/host/usr/arm-buildroot-linux-gnueabihf/sysroot/lib/:/home/sabeur/Documents/DWL/BO_sc-downloader.env-v1/output/diw362_72604_UP_17.3_totalplay_debug/host/usr/arm-buildroot-linux-gnueabihf/sysroot/usr/lib/
COLLECT_GCC_OPTIONS='-mabi=aapcs-linux' '-mfpu=vfpv4-d16' '-marm' '-pipe' '-fstack-protector-all' '-mfloat-abi=hard' '-mcpu=cortex-a15' '-D' '_LARGEFILE_SOURCE' '-D' '_LARGEFILE64_SOURCE' '-D' '_FILE_OFFSET_BITS=64' '-pipe' '-fstack-protector-all' '-O2' '-fstack-protector-all' '-fstack-protector-all' '-v' '-o' 'cmTryCompileExec111187804' '-rdynamic' '-shared-libgcc' '-mtls-dialect=gnu'
 /home/sabeur/Documents/DWL/BO_sc-downloader.env-v1/output/diw362_72604_UP_17.3_totalplay_debug/host/opt/ext-toolchain/bin/../libexec/gcc/arm-linux-gnueabihf/4.8.5/collect2 --sysroot=/home/sabeur/Documents/DWL/BO_sc-downloader.env-v1/output/diw362_72604_UP_17.3_totalplay_debug/host/usr/arm-buildroot-linux-gnueabihf/sysroot --eh-frame-hdr -export-dynamic -dynamic-linker /lib/ld-linux-armhf.so.3 -X -m armelf_linux_eabi -o cmTryCompileExec111187804 /home/sabeur/Documents/DWL/BO_sc-downloader.env-v1/output/diw362_72604_UP_17.3_totalplay_debug/host/usr/arm-buildroot-linux-gnueabihf/sysroot/usr/lib/crt1.o /home/sabeur/Documents/DWL/BO_sc-downloader.env-v1/output/diw362_72604_UP_17.3_totalplay_debug/host/usr/arm-buildroot-linux-gnueabihf/sysroot/usr/lib/crti.o /home/sabeur/Documents/DWL/BO_sc-downloader.env-v1/output/diw362_72604_UP_17.3_totalplay_debug/host/opt/ext-toolchain/bin/../lib/gcc/arm-linux-gnueabihf/4.8.5/crtbegin.o -L/home/sabeur/Documents/DWL/BO_sc-downloader.env-v1/output/diw362_72604_UP_17.3_totalplay_debug/host/opt/ext-toolchain/bin/../lib/gcc/arm-linux-gnueabihf/4.8.5 -L/home/sabeur/Documents/DWL/BO_sc-downloader.env-v1/output/diw362_72604_UP_17.3_totalplay_debug/host/opt/ext-toolchain/bin/../lib/gcc -L/home/sabeur/Documents/DWL/BO_sc-downloader.env-v1/output/diw362_72604_UP_17.3_totalplay_debug/host/opt/ext-toolchain/bin/../lib/gcc/arm-linux-gnueabihf/4.8.5/../../../../arm-linux-gnueabihf/lib -L/home/sabeur/Documents/DWL/BO_sc-downloader.env-v1/output/diw362_72604_UP_17.3_totalplay_debug/host/usr/arm-buildroot-linux-gnueabihf/sysroot/lib -L/home/sabeur/Documents/DWL/BO_sc-downloader.env-v1/output/diw362_72604_UP_17.3_totalplay_debug/host/usr/arm-buildroot-linux-gnueabihf/sysroot/usr/lib CMakeFiles/cmTryCompileExec111187804.dir/CMakeCXXCompilerABI.cpp.o -lstdc++ -lm -lgcc_s -lgcc -lc -lgcc_s -lgcc /home/sabeur/Documents/DWL/BO_sc-downloader.env-v1/output/diw362_72604_UP_17.3_totalplay_debug/host/opt/ext-toolchain/bin/../lib/gcc/arm-linux-gnueabihf/4.8.5/crtend.o /home/sabeur/Documents/DWL/BO_sc-downloader.env-v1/output/diw362_72604_UP_17.3_totalplay_debug/host/usr/arm-buildroot-linux-gnueabihf/sysroot/usr/lib/crtn.o
make[3]: Leaving directory '/home/sabeur/Documents/DWL/BO_sc-downloader.env-v1/output/diw362_72604_UP_17.3_totalplay_debug/build/libintldr-1.0.0/build/CMakeFiles/CMakeTmp'
make[2]: Leaving directory '/home/sabeur/Documents/DWL/BO_sc-downloader.env-v1/output/diw362_72604_UP_17.3_totalplay_debug/build/libintldr-1.0.0/build/CMakeFiles/CMakeTmp'


Parsed CXX implicit link information from above output:
  link line regex: [^( *|.*[/\])(arm-linux-ld|([^/\]+-)?ld|collect2)[^/\]*( |$)]
  ignore line: [Change Dir: /home/sabeur/Documents/DWL/BO_sc-downloader.env-v1/output/diw362_72604_UP_17.3_totalplay_debug/build/libintldr-1.0.0/build/CMakeFiles/CMakeTmp]
  ignore line: []
  ignore line: [Run Build Command:"/usr/bin/make" "cmTryCompileExec111187804/fast"]
  ignore line: [make[2]: Entering directory '/home/sabeur/Documents/DWL/BO_sc-downloader.env-v1/output/diw362_72604_UP_17.3_totalplay_debug/build/libintldr-1.0.0/build/CMakeFiles/CMakeTmp']
  ignore line: [/usr/bin/make -f CMakeFiles/cmTryCompileExec111187804.dir/build.make CMakeFiles/cmTryCompileExec111187804.dir/build]
  ignore line: [make[3]: Entering directory '/home/sabeur/Documents/DWL/BO_sc-downloader.env-v1/output/diw362_72604_UP_17.3_totalplay_debug/build/libintldr-1.0.0/build/CMakeFiles/CMakeTmp']
  ignore line: [/home/sabeur/Documents/DWL/BO_sc-downloader.env-v1/output/diw362_72604_UP_17.3_totalplay_debug/host/usr/bin/cmake -E cmake_progress_report /home/sabeur/Documents/DWL/BO_sc-downloader.env-v1/output/diw362_72604_UP_17.3_totalplay_debug/build/libintldr-1.0.0/build/CMakeFiles/CMakeTmp/CMakeFiles 1]
  ignore line: [Building CXX object CMakeFiles/cmTryCompileExec111187804.dir/CMakeCXXCompilerABI.cpp.o]
  ignore line: [/home/sabeur/Documents/DWL/BO_sc-downloader.env-v1/output/diw362_72604_UP_17.3_totalplay_debug/host/usr/bin/arm-linux-g++    -D_LARGEFILE_SOURCE -D_LARGEFILE64_SOURCE -D_FILE_OFFSET_BITS=64 -pipe -fstack-protector-all -O2 -fstack-protector-all -fstack-protector-all     -o CMakeFiles/cmTryCompileExec111187804.dir/CMakeCXXCompilerABI.cpp.o -c /home/sabeur/Documents/DWL/BO_sc-downloader.env-v1/output/diw362_72604_UP_17.3_totalplay_debug/host/usr/share/cmake-3.1/Modules/CMakeCXXCompilerABI.cpp]
  ignore line: [Linking CXX executable cmTryCompileExec111187804]
  ignore line: [/home/sabeur/Documents/DWL/BO_sc-downloader.env-v1/output/diw362_72604_UP_17.3_totalplay_debug/host/usr/bin/cmake -E cmake_link_script CMakeFiles/cmTryCompileExec111187804.dir/link.txt --verbose=1]
  ignore line: [/home/sabeur/Documents/DWL/BO_sc-downloader.env-v1/output/diw362_72604_UP_17.3_totalplay_debug/host/usr/bin/arm-linux-g++   -D_LARGEFILE_SOURCE -D_LARGEFILE64_SOURCE -D_FILE_OFFSET_BITS=64 -pipe -fstack-protector-all -O2 -fstack-protector-all -fstack-protector-all    -v CMakeFiles/cmTryCompileExec111187804.dir/CMakeCXXCompilerABI.cpp.o  -o cmTryCompileExec111187804 -rdynamic  ]
  ignore line: [Using built-in specs.]
  ignore line: [COLLECT_GCC=/home/sabeur/Documents/DWL/BO_sc-downloader.env-v1/output/diw362_72604_UP_17.3_totalplay_debug/host/opt/ext-toolchain/bin/arm-linux-g++]
  ignore line: [COLLECT_LTO_WRAPPER=/home/sabeur/Documents/DWL/BO_sc-downloader.env-v1/output/diw362_72604_UP_17.3_totalplay_debug/host/opt/ext-toolchain/bin/../libexec/gcc/arm-linux-gnueabihf/4.8.5/lto-wrapper]
  ignore line: [Target: arm-linux-gnueabihf]
  ignore line: [Configured with: ../gcc-linaro-4.8-2015.06/configure --target=arm-linux-gnueabihf --disable-multilib --prefix=/opt/toolchains/stbgcc-4.8-1.6 --with-build-time-tools=/home/vagrant/rpmbuild/BUILD/build-toolchain/opt/toolchains/stbgcc-4.8-1.6/arm-linux-gnueabihf/sys-root/../bin --with-sysroot=/opt/toolchains/stbgcc-4.8-1.6/arm-linux-gnueabihf/sys-root --with-build-sysroot=/home/vagrant/rpmbuild/BUILD/build-toolchain/opt/toolchains/stbgcc-4.8-1.6/arm-linux-gnueabihf/sys-root --enable-threads=posix --enable-long-long --enable-c99 --enable-plugins --enable-__cxa_atexit --with-gmp=/home/vagrant/rpmbuild/BUILD/prereq --with-mpfr=/home/vagrant/rpmbuild/BUILD/prereq --with-mpc=/home/vagrant/rpmbuild/BUILD/prereq --enable-symvers=gnu --enable-languages=c,c++ --enable-target-optspace --with-pkgversion='Broadcom stbgcc-4.8-1.6' --with-bugurl=file:///opt/toolchains/stbgcc-4.8-1.6/info/README.Bugs --disable-isl-version-check --with-arch=armv7-a --with-mode=thumb --with-fpu=vfpv3-d16 --with-float=hard]
  ignore line: [Thread model: posix]
  ignore line: [gcc version 4.8.5 (Broadcom stbgcc-4.8-1.6) ]
  ignore line: [COMPILER_PATH=/home/sabeur/Documents/DWL/BO_sc-downloader.env-v1/output/diw362_72604_UP_17.3_totalplay_debug/host/opt/ext-toolchain/bin/../libexec/gcc/arm-linux-gnueabihf/4.8.5/:/home/sabeur/Documents/DWL/BO_sc-downloader.env-v1/output/diw362_72604_UP_17.3_totalplay_debug/host/opt/ext-toolchain/bin/../libexec/gcc/:/home/sabeur/Documents/DWL/BO_sc-downloader.env-v1/output/diw362_72604_UP_17.3_totalplay_debug/host/opt/ext-toolchain/bin/../lib/gcc/arm-linux-gnueabihf/4.8.5/../../../../arm-linux-gnueabihf/bin/]
  ignore line: [LIBRARY_PATH=/home/sabeur/Documents/DWL/BO_sc-downloader.env-v1/output/diw362_72604_UP_17.3_totalplay_debug/host/opt/ext-toolchain/bin/../lib/gcc/arm-linux-gnueabihf/4.8.5/:/home/sabeur/Documents/DWL/BO_sc-downloader.env-v1/output/diw362_72604_UP_17.3_totalplay_debug/host/opt/ext-toolchain/bin/../lib/gcc/:/home/sabeur/Documents/DWL/BO_sc-downloader.env-v1/output/diw362_72604_UP_17.3_totalplay_debug/host/opt/ext-toolchain/bin/../lib/gcc/arm-linux-gnueabihf/4.8.5/../../../../arm-linux-gnueabihf/lib/:/home/sabeur/Documents/DWL/BO_sc-downloader.env-v1/output/diw362_72604_UP_17.3_totalplay_debug/host/usr/arm-buildroot-linux-gnueabihf/sysroot/lib/:/home/sabeur/Documents/DWL/BO_sc-downloader.env-v1/output/diw362_72604_UP_17.3_totalplay_debug/host/usr/arm-buildroot-linux-gnueabihf/sysroot/usr/lib/]
  ignore line: [COLLECT_GCC_OPTIONS='-mabi=aapcs-linux' '-mfpu=vfpv4-d16' '-marm' '-pipe' '-fstack-protector-all' '-mfloat-abi=hard' '-mcpu=cortex-a15' '-D' '_LARGEFILE_SOURCE' '-D' '_LARGEFILE64_SOURCE' '-D' '_FILE_OFFSET_BITS=64' '-pipe' '-fstack-protector-all' '-O2' '-fstack-protector-all' '-fstack-protector-all' '-v' '-o' 'cmTryCompileExec111187804' '-rdynamic' '-shared-libgcc' '-mtls-dialect=gnu']
  link line: [ /home/sabeur/Documents/DWL/BO_sc-downloader.env-v1/output/diw362_72604_UP_17.3_totalplay_debug/host/opt/ext-toolchain/bin/../libexec/gcc/arm-linux-gnueabihf/4.8.5/collect2 --sysroot=/home/sabeur/Documents/DWL/BO_sc-downloader.env-v1/output/diw362_72604_UP_17.3_totalplay_debug/host/usr/arm-buildroot-linux-gnueabihf/sysroot --eh-frame-hdr -export-dynamic -dynamic-linker /lib/ld-linux-armhf.so.3 -X -m armelf_linux_eabi -o cmTryCompileExec111187804 /home/sabeur/Documents/DWL/BO_sc-downloader.env-v1/output/diw362_72604_UP_17.3_totalplay_debug/host/usr/arm-buildroot-linux-gnueabihf/sysroot/usr/lib/crt1.o /home/sabeur/Documents/DWL/BO_sc-downloader.env-v1/output/diw362_72604_UP_17.3_totalplay_debug/host/usr/arm-buildroot-linux-gnueabihf/sysroot/usr/lib/crti.o /home/sabeur/Documents/DWL/BO_sc-downloader.env-v1/output/diw362_72604_UP_17.3_totalplay_debug/host/opt/ext-toolchain/bin/../lib/gcc/arm-linux-gnueabihf/4.8.5/crtbegin.o -L/home/sabeur/Documents/DWL/BO_sc-downloader.env-v1/output/diw362_72604_UP_17.3_totalplay_debug/host/opt/ext-toolchain/bin/../lib/gcc/arm-linux-gnueabihf/4.8.5 -L/home/sabeur/Documents/DWL/BO_sc-downloader.env-v1/output/diw362_72604_UP_17.3_totalplay_debug/host/opt/ext-toolchain/bin/../lib/gcc -L/home/sabeur/Documents/DWL/BO_sc-downloader.env-v1/output/diw362_72604_UP_17.3_totalplay_debug/host/opt/ext-toolchain/bin/../lib/gcc/arm-linux-gnueabihf/4.8.5/../../../../arm-linux-gnueabihf/lib -L/home/sabeur/Documents/DWL/BO_sc-downloader.env-v1/output/diw362_72604_UP_17.3_totalplay_debug/host/usr/arm-buildroot-linux-gnueabihf/sysroot/lib -L/home/sabeur/Documents/DWL/BO_sc-downloader.env-v1/output/diw362_72604_UP_17.3_totalplay_debug/host/usr/arm-buildroot-linux-gnueabihf/sysroot/usr/lib CMakeFiles/cmTryCompileExec111187804.dir/CMakeCXXCompilerABI.cpp.o -lstdc++ -lm -lgcc_s -lgcc -lc -lgcc_s -lgcc /home/sabeur/Documents/DWL/BO_sc-downloader.env-v1/output/diw362_72604_UP_17.3_totalplay_debug/host/opt/ext-toolchain/bin/../lib/gcc/arm-linux-gnueabihf/4.8.5/crtend.o /home/sabeur/Documents/DWL/BO_sc-downloader.env-v1/output/diw362_72604_UP_17.3_totalplay_debug/host/usr/arm-buildroot-linux-gnueabihf/sysroot/usr/lib/crtn.o]
    arg [/home/sabeur/Documents/DWL/BO_sc-downloader.env-v1/output/diw362_72604_UP_17.3_totalplay_debug/host/opt/ext-toolchain/bin/../libexec/gcc/arm-linux-gnueabihf/4.8.5/collect2] ==> ignore
    arg [--sysroot=/home/sabeur/Documents/DWL/BO_sc-downloader.env-v1/output/diw362_72604_UP_17.3_totalplay_debug/host/usr/arm-buildroot-linux-gnueabihf/sysroot] ==> ignore
    arg [--eh-frame-hdr] ==> ignore
    arg [-export-dynamic] ==> ignore
    arg [-dynamic-linker] ==> ignore
    arg [/lib/ld-linux-armhf.so.3] ==> ignore
    arg [-X] ==> ignore
    arg [-m] ==> ignore
    arg [armelf_linux_eabi] ==> ignore
    arg [-o] ==> ignore
    arg [cmTryCompileExec111187804] ==> ignore
    arg [/home/sabeur/Documents/DWL/BO_sc-downloader.env-v1/output/diw362_72604_UP_17.3_totalplay_debug/host/usr/arm-buildroot-linux-gnueabihf/sysroot/usr/lib/crt1.o] ==> ignore
    arg [/home/sabeur/Documents/DWL/BO_sc-downloader.env-v1/output/diw362_72604_UP_17.3_totalplay_debug/host/usr/arm-buildroot-linux-gnueabihf/sysroot/usr/lib/crti.o] ==> ignore
    arg [/home/sabeur/Documents/DWL/BO_sc-downloader.env-v1/output/diw362_72604_UP_17.3_totalplay_debug/host/opt/ext-toolchain/bin/../lib/gcc/arm-linux-gnueabihf/4.8.5/crtbegin.o] ==> ignore
    arg [-L/home/sabeur/Documents/DWL/BO_sc-downloader.env-v1/output/diw362_72604_UP_17.3_totalplay_debug/host/opt/ext-toolchain/bin/../lib/gcc/arm-linux-gnueabihf/4.8.5] ==> dir [/home/sabeur/Documents/DWL/BO_sc-downloader.env-v1/output/diw362_72604_UP_17.3_totalplay_debug/host/opt/ext-toolchain/bin/../lib/gcc/arm-linux-gnueabihf/4.8.5]
    arg [-L/home/sabeur/Documents/DWL/BO_sc-downloader.env-v1/output/diw362_72604_UP_17.3_totalplay_debug/host/opt/ext-toolchain/bin/../lib/gcc] ==> dir [/home/sabeur/Documents/DWL/BO_sc-downloader.env-v1/output/diw362_72604_UP_17.3_totalplay_debug/host/opt/ext-toolchain/bin/../lib/gcc]
    arg [-L/home/sabeur/Documents/DWL/BO_sc-downloader.env-v1/output/diw362_72604_UP_17.3_totalplay_debug/host/opt/ext-toolchain/bin/../lib/gcc/arm-linux-gnueabihf/4.8.5/../../../../arm-linux-gnueabihf/lib] ==> dir [/home/sabeur/Documents/DWL/BO_sc-downloader.env-v1/output/diw362_72604_UP_17.3_totalplay_debug/host/opt/ext-toolchain/bin/../lib/gcc/arm-linux-gnueabihf/4.8.5/../../../../arm-linux-gnueabihf/lib]
    arg [-L/home/sabeur/Documents/DWL/BO_sc-downloader.env-v1/output/diw362_72604_UP_17.3_totalplay_debug/host/usr/arm-buildroot-linux-gnueabihf/sysroot/lib] ==> dir [/home/sabeur/Documents/DWL/BO_sc-downloader.env-v1/output/diw362_72604_UP_17.3_totalplay_debug/host/usr/arm-buildroot-linux-gnueabihf/sysroot/lib]
    arg [-L/home/sabeur/Documents/DWL/BO_sc-downloader.env-v1/output/diw362_72604_UP_17.3_totalplay_debug/host/usr/arm-buildroot-linux-gnueabihf/sysroot/usr/lib] ==> dir [/home/sabeur/Documents/DWL/BO_sc-downloader.env-v1/output/diw362_72604_UP_17.3_totalplay_debug/host/usr/arm-buildroot-linux-gnueabihf/sysroot/usr/lib]
    arg [CMakeFiles/cmTryCompileExec111187804.dir/CMakeCXXCompilerABI.cpp.o] ==> ignore
    arg [-lstdc++] ==> lib [stdc++]
    arg [-lm] ==> lib [m]
    arg [-lgcc_s] ==> lib [gcc_s]
    arg [-lgcc] ==> lib [gcc]
    arg [-lc] ==> lib [c]
    arg [-lgcc_s] ==> lib [gcc_s]
    arg [-lgcc] ==> lib [gcc]
    arg [/home/sabeur/Documents/DWL/BO_sc-downloader.env-v1/output/diw362_72604_UP_17.3_totalplay_debug/host/opt/ext-toolchain/bin/../lib/gcc/arm-linux-gnueabihf/4.8.5/crtend.o] ==> ignore
    arg [/home/sabeur/Documents/DWL/BO_sc-downloader.env-v1/output/diw362_72604_UP_17.3_totalplay_debug/host/usr/arm-buildroot-linux-gnueabihf/sysroot/usr/lib/crtn.o] ==> ignore
  remove lib [gcc_s]
  remove lib [gcc]
  remove lib [gcc_s]
  remove lib [gcc]
  collapse library dir [/home/sabeur/Documents/DWL/BO_sc-downloader.env-v1/output/diw362_72604_UP_17.3_totalplay_debug/host/opt/ext-toolchain/bin/../lib/gcc/arm-linux-gnueabihf/4.8.5] ==> [/home/sabeur/Documents/DWL/BO_sc-downloader.env-v1/output/diw362_72604_UP_17.3_totalplay_debug/host/opt/ext-toolchain/lib/gcc/arm-linux-gnueabihf/4.8.5]
  collapse library dir [/home/sabeur/Documents/DWL/BO_sc-downloader.env-v1/output/diw362_72604_UP_17.3_totalplay_debug/host/opt/ext-toolchain/bin/../lib/gcc] ==> [/home/sabeur/Documents/DWL/BO_sc-downloader.env-v1/output/diw362_72604_UP_17.3_totalplay_debug/host/opt/ext-toolchain/lib/gcc]
  collapse library dir [/home/sabeur/Documents/DWL/BO_sc-downloader.env-v1/output/diw362_72604_UP_17.3_totalplay_debug/host/opt/ext-toolchain/bin/../lib/gcc/arm-linux-gnueabihf/4.8.5/../../../../arm-linux-gnueabihf/lib] ==> [/home/sabeur/Documents/DWL/BO_sc-downloader.env-v1/output/diw362_72604_UP_17.3_totalplay_debug/host/opt/ext-toolchain/arm-linux-gnueabihf/lib]
  collapse library dir [/home/sabeur/Documents/DWL/BO_sc-downloader.env-v1/output/diw362_72604_UP_17.3_totalplay_debug/host/usr/arm-buildroot-linux-gnueabihf/sysroot/lib] ==> [/home/sabeur/Documents/DWL/BO_sc-downloader.env-v1/output/diw362_72604_UP_17.3_totalplay_debug/host/usr/arm-buildroot-linux-gnueabihf/sysroot/lib]
  collapse library dir [/home/sabeur/Documents/DWL/BO_sc-downloader.env-v1/output/diw362_72604_UP_17.3_totalplay_debug/host/usr/arm-buildroot-linux-gnueabihf/sysroot/usr/lib] ==> [/home/sabeur/Documents/DWL/BO_sc-downloader.env-v1/output/diw362_72604_UP_17.3_totalplay_debug/host/usr/arm-buildroot-linux-gnueabihf/sysroot/usr/lib]
  implicit libs: [stdc++;m;c]
  implicit dirs: [/home/sabeur/Documents/DWL/BO_sc-downloader.env-v1/output/diw362_72604_UP_17.3_totalplay_debug/host/opt/ext-toolchain/lib/gcc/arm-linux-gnueabihf/4.8.5;/home/sabeur/Documents/DWL/BO_sc-downloader.env-v1/output/diw362_72604_UP_17.3_totalplay_debug/host/opt/ext-toolchain/lib/gcc;/home/sabeur/Documents/DWL/BO_sc-downloader.env-v1/output/diw362_72604_UP_17.3_totalplay_debug/host/opt/ext-toolchain/arm-linux-gnueabihf/lib;/home/sabeur/Documents/DWL/BO_sc-downloader.env-v1/output/diw362_72604_UP_17.3_totalplay_debug/host/usr/arm-buildroot-linux-gnueabihf/sysroot/lib;/home/sabeur/Documents/DWL/BO_sc-downloader.env-v1/output/diw362_72604_UP_17.3_totalplay_debug/host/usr/arm-buildroot-linux-gnueabihf/sysroot/usr/lib]
  implicit fwks: []




Detecting CXX [-std=c++1y] compiler features compiled with the following output:
Change Dir: /home/sabeur/Documents/DWL/BO_sc-downloader.env-v1/output/diw362_72604_UP_17.3_totalplay_debug/build/libintldr-1.0.0/build/CMakeFiles/CMakeTmp

Run Build Command:"/usr/bin/make" "cmTryCompileExec1479920163/fast"
make[2]: Entering directory '/home/sabeur/Documents/DWL/BO_sc-downloader.env-v1/output/diw362_72604_UP_17.3_totalplay_debug/build/libintldr-1.0.0/build/CMakeFiles/CMakeTmp'
/usr/bin/make -f CMakeFiles/cmTryCompileExec1479920163.dir/build.make CMakeFiles/cmTryCompileExec1479920163.dir/build
make[3]: Entering directory '/home/sabeur/Documents/DWL/BO_sc-downloader.env-v1/output/diw362_72604_UP_17.3_totalplay_debug/build/libintldr-1.0.0/build/CMakeFiles/CMakeTmp'
/home/sabeur/Documents/DWL/BO_sc-downloader.env-v1/output/diw362_72604_UP_17.3_totalplay_debug/host/usr/bin/cmake -E cmake_progress_report /home/sabeur/Documents/DWL/BO_sc-downloader.env-v1/output/diw362_72604_UP_17.3_totalplay_debug/build/libintldr-1.0.0/build/CMakeFiles/CMakeTmp/CMakeFiles 1
Building CXX object CMakeFiles/cmTryCompileExec1479920163.dir/feature_tests.cxx.o
/home/sabeur/Documents/DWL/BO_sc-downloader.env-v1/output/diw362_72604_UP_17.3_totalplay_debug/host/usr/bin/arm-linux-g++    -D_LARGEFILE_SOURCE -D_LARGEFILE64_SOURCE -D_FILE_OFFSET_BITS=64 -pipe -fstack-protector-all -O2 -fstack-protector-all -fstack-protector-all     -std=c++1y -o CMakeFiles/cmTryCompileExec1479920163.dir/feature_tests.cxx.o -c /home/sabeur/Documents/DWL/BO_sc-downloader.env-v1/output/diw362_72604_UP_17.3_totalplay_debug/build/libintldr-1.0.0/build/CMakeFiles/feature_tests.cxx
Linking CXX executable cmTryCompileExec1479920163
/home/sabeur/Documents/DWL/BO_sc-downloader.env-v1/output/diw362_72604_UP_17.3_totalplay_debug/host/usr/bin/cmake -E cmake_link_script CMakeFiles/cmTryCompileExec1479920163.dir/link.txt --verbose=1
/home/sabeur/Documents/DWL/BO_sc-downloader.env-v1/output/diw362_72604_UP_17.3_totalplay_debug/host/usr/bin/arm-linux-g++   -D_LARGEFILE_SOURCE -D_LARGEFILE64_SOURCE -D_FILE_OFFSET_BITS=64 -pipe -fstack-protector-all -O2 -fstack-protector-all -fstack-protector-all      CMakeFiles/cmTryCompileExec1479920163.dir/feature_tests.cxx.o  -o cmTryCompileExec1479920163 -rdynamic 
make[3]: Leaving directory '/home/sabeur/Documents/DWL/BO_sc-downloader.env-v1/output/diw362_72604_UP_17.3_totalplay_debug/build/libintldr-1.0.0/build/CMakeFiles/CMakeTmp'
make[2]: Leaving directory '/home/sabeur/Documents/DWL/BO_sc-downloader.env-v1/output/diw362_72604_UP_17.3_totalplay_debug/build/libintldr-1.0.0/build/CMakeFiles/CMakeTmp'


    Feature record: CXX_FEATURE:1cxx_alias_templates
    Feature record: CXX_FEATURE:1cxx_alignas
    Feature record: CXX_FEATURE:1cxx_alignof
    Feature record: CXX_FEATURE:1cxx_attributes
    Feature record: CXX_FEATURE:0cxx_attribute_deprecated
    Feature record: CXX_FEATURE:1cxx_auto_type
    Feature record: CXX_FEATURE:0cxx_binary_literals
    Feature record: CXX_FEATURE:1cxx_constexpr
    Feature record: CXX_FEATURE:0cxx_contextual_conversions
    Feature record: CXX_FEATURE:1cxx_decltype
    Feature record: CXX_FEATURE:0cxx_decltype_auto
    Feature record: CXX_FEATURE:1cxx_decltype_incomplete_return_types
    Feature record: CXX_FEATURE:1cxx_default_function_template_args
    Feature record: CXX_FEATURE:1cxx_defaulted_functions
    Feature record: CXX_FEATURE:1cxx_defaulted_move_initializers
    Feature record: CXX_FEATURE:1cxx_delegating_constructors
    Feature record: CXX_FEATURE:1cxx_deleted_functions
    Feature record: CXX_FEATURE:0cxx_digit_separators
    Feature record: CXX_FEATURE:1cxx_enum_forward_declarations
    Feature record: CXX_FEATURE:1cxx_explicit_conversions
    Feature record: CXX_FEATURE:1cxx_extended_friend_declarations
    Feature record: CXX_FEATURE:1cxx_extern_templates
    Feature record: CXX_FEATURE:1cxx_final
    Feature record: CXX_FEATURE:1cxx_func_identifier
    Feature record: CXX_FEATURE:1cxx_generalized_initializers
    Feature record: CXX_FEATURE:0cxx_generic_lambdas
    Feature record: CXX_FEATURE:1cxx_inheriting_constructors
    Feature record: CXX_FEATURE:1cxx_inline_namespaces
    Feature record: CXX_FEATURE:1cxx_lambdas
    Feature record: CXX_FEATURE:0cxx_lambda_init_captures
    Feature record: CXX_FEATURE:1cxx_local_type_template_args
    Feature record: CXX_FEATURE:1cxx_long_long_type
    Feature record: CXX_FEATURE:1cxx_noexcept
    Feature record: CXX_FEATURE:1cxx_nonstatic_member_init
    Feature record: CXX_FEATURE:1cxx_nullptr
    Feature record: CXX_FEATURE:1cxx_override
    Feature record: CXX_FEATURE:1cxx_range_for
    Feature record: CXX_FEATURE:1cxx_raw_string_literals
    Feature record: CXX_FEATURE:1cxx_reference_qualified_functions
    Feature record: CXX_FEATURE:0cxx_return_type_deduction
    Feature record: CXX_FEATURE:1cxx_right_angle_brackets
    Feature record: CXX_FEATURE:1cxx_rvalue_references
    Feature record: CXX_FEATURE:1cxx_sizeof_member
    Feature record: CXX_FEATURE:1cxx_static_assert
    Feature record: CXX_FEATURE:1cxx_strong_enums
    Feature record: CXX_FEATURE:1cxx_template_template_parameters
    Feature record: CXX_FEATURE:1cxx_thread_local
    Feature record: CXX_FEATURE:1cxx_trailing_return_types
    Feature record: CXX_FEATURE:1cxx_unicode_literals
    Feature record: CXX_FEATURE:1cxx_uniform_initialization
    Feature record: CXX_FEATURE:1cxx_unrestricted_unions
    Feature record: CXX_FEATURE:1cxx_user_literals
    Feature record: CXX_FEATURE:1cxx_variadic_macros
    Feature record: CXX_FEATURE:1cxx_variadic_templates


Detecting CXX [-std=c++11] compiler features compiled with the following output:
Change Dir: /home/sabeur/Documents/DWL/BO_sc-downloader.env-v1/output/diw362_72604_UP_17.3_totalplay_debug/build/libintldr-1.0.0/build/CMakeFiles/CMakeTmp

Run Build Command:"/usr/bin/make" "cmTryCompileExec600650552/fast"
make[2]: Entering directory '/home/sabeur/Documents/DWL/BO_sc-downloader.env-v1/output/diw362_72604_UP_17.3_totalplay_debug/build/libintldr-1.0.0/build/CMakeFiles/CMakeTmp'
/usr/bin/make -f CMakeFiles/cmTryCompileExec600650552.dir/build.make CMakeFiles/cmTryCompileExec600650552.dir/build
make[3]: Entering directory '/home/sabeur/Documents/DWL/BO_sc-downloader.env-v1/output/diw362_72604_UP_17.3_totalplay_debug/build/libintldr-1.0.0/build/CMakeFiles/CMakeTmp'
/home/sabeur/Documents/DWL/BO_sc-downloader.env-v1/output/diw362_72604_UP_17.3_totalplay_debug/host/usr/bin/cmake -E cmake_progress_report /home/sabeur/Documents/DWL/BO_sc-downloader.env-v1/output/diw362_72604_UP_17.3_totalplay_debug/build/libintldr-1.0.0/build/CMakeFiles/CMakeTmp/CMakeFiles 1
Building CXX object CMakeFiles/cmTryCompileExec600650552.dir/feature_tests.cxx.o
/home/sabeur/Documents/DWL/BO_sc-downloader.env-v1/output/diw362_72604_UP_17.3_totalplay_debug/host/usr/bin/arm-linux-g++    -D_LARGEFILE_SOURCE -D_LARGEFILE64_SOURCE -D_FILE_OFFSET_BITS=64 -pipe -fstack-protector-all -O2 -fstack-protector-all -fstack-protector-all     -std=c++11 -o CMakeFiles/cmTryCompileExec600650552.dir/feature_tests.cxx.o -c /home/sabeur/Documents/DWL/BO_sc-downloader.env-v1/output/diw362_72604_UP_17.3_totalplay_debug/build/libintldr-1.0.0/build/CMakeFiles/feature_tests.cxx
Linking CXX executable cmTryCompileExec600650552
/home/sabeur/Documents/DWL/BO_sc-downloader.env-v1/output/diw362_72604_UP_17.3_totalplay_debug/host/usr/bin/cmake -E cmake_link_script CMakeFiles/cmTryCompileExec600650552.dir/link.txt --verbose=1
/home/sabeur/Documents/DWL/BO_sc-downloader.env-v1/output/diw362_72604_UP_17.3_totalplay_debug/host/usr/bin/arm-linux-g++   -D_LARGEFILE_SOURCE -D_LARGEFILE64_SOURCE -D_FILE_OFFSET_BITS=64 -pipe -fstack-protector-all -O2 -fstack-protector-all -fstack-protector-all      CMakeFiles/cmTryCompileExec600650552.dir/feature_tests.cxx.o  -o cmTryCompileExec600650552 -rdynamic 
make[3]: Leaving directory '/home/sabeur/Documents/DWL/BO_sc-downloader.env-v1/output/diw362_72604_UP_17.3_totalplay_debug/build/libintldr-1.0.0/build/CMakeFiles/CMakeTmp'
make[2]: Leaving directory '/home/sabeur/Documents/DWL/BO_sc-downloader.env-v1/output/diw362_72604_UP_17.3_totalplay_debug/build/libintldr-1.0.0/build/CMakeFiles/CMakeTmp'


    Feature record: CXX_FEATURE:1cxx_alias_templates
    Feature record: CXX_FEATURE:1cxx_alignas
    Feature record: CXX_FEATURE:1cxx_alignof
    Feature record: CXX_FEATURE:1cxx_attributes
    Feature record: CXX_FEATURE:0cxx_attribute_deprecated
    Feature record: CXX_FEATURE:1cxx_auto_type
    Feature record: CXX_FEATURE:0cxx_binary_literals
    Feature record: CXX_FEATURE:1cxx_constexpr
    Feature record: CXX_FEATURE:0cxx_contextual_conversions
    Feature record: CXX_FEATURE:1cxx_decltype
    Feature record: CXX_FEATURE:0cxx_decltype_auto
    Feature record: CXX_FEATURE:1cxx_decltype_incomplete_return_types
    Feature record: CXX_FEATURE:1cxx_default_function_template_args
    Feature record: CXX_FEATURE:1cxx_defaulted_functions
    Feature record: CXX_FEATURE:1cxx_defaulted_move_initializers
    Feature record: CXX_FEATURE:1cxx_delegating_constructors
    Feature record: CXX_FEATURE:1cxx_deleted_functions
    Feature record: CXX_FEATURE:0cxx_digit_separators
    Feature record: CXX_FEATURE:1cxx_enum_forward_declarations
    Feature record: CXX_FEATURE:1cxx_explicit_conversions
    Feature record: CXX_FEATURE:1cxx_extended_friend_declarations
    Feature record: CXX_FEATURE:1cxx_extern_templates
    Feature record: CXX_FEATURE:1cxx_final
    Feature record: CXX_FEATURE:1cxx_func_identifier
    Feature record: CXX_FEATURE:1cxx_generalized_initializers
    Feature record: CXX_FEATURE:0cxx_generic_lambdas
    Feature record: CXX_FEATURE:1cxx_inheriting_constructors
    Feature record: CXX_FEATURE:1cxx_inline_namespaces
    Feature record: CXX_FEATURE:1cxx_lambdas
    Feature record: CXX_FEATURE:0cxx_lambda_init_captures
    Feature record: CXX_FEATURE:1cxx_local_type_template_args
    Feature record: CXX_FEATURE:1cxx_long_long_type
    Feature record: CXX_FEATURE:1cxx_noexcept
    Feature record: CXX_FEATURE:1cxx_nonstatic_member_init
    Feature record: CXX_FEATURE:1cxx_nullptr
    Feature record: CXX_FEATURE:1cxx_override
    Feature record: CXX_FEATURE:1cxx_range_for
    Feature record: CXX_FEATURE:1cxx_raw_string_literals
    Feature record: CXX_FEATURE:1cxx_reference_qualified_functions
    Feature record: CXX_FEATURE:0cxx_return_type_deduction
    Feature record: CXX_FEATURE:1cxx_right_angle_brackets
    Feature record: CXX_FEATURE:1cxx_rvalue_references
    Feature record: CXX_FEATURE:1cxx_sizeof_member
    Feature record: CXX_FEATURE:1cxx_static_assert
    Feature record: CXX_FEATURE:1cxx_strong_enums
    Feature record: CXX_FEATURE:1cxx_template_template_parameters
    Feature record: CXX_FEATURE:1cxx_thread_local
    Feature record: CXX_FEATURE:1cxx_trailing_return_types
    Feature record: CXX_FEATURE:1cxx_unicode_literals
    Feature record: CXX_FEATURE:1cxx_uniform_initialization
    Feature record: CXX_FEATURE:1cxx_unrestricted_unions
    Feature record: CXX_FEATURE:1cxx_user_literals
    Feature record: CXX_FEATURE:1cxx_variadic_macros
    Feature record: CXX_FEATURE:1cxx_variadic_templates


Detecting CXX [-std=c++98] compiler features compiled with the following output:
Change Dir: /home/sabeur/Documents/DWL/BO_sc-downloader.env-v1/output/diw362_72604_UP_17.3_totalplay_debug/build/libintldr-1.0.0/build/CMakeFiles/CMakeTmp

Run Build Command:"/usr/bin/make" "cmTryCompileExec4191837369/fast"
make[2]: Entering directory '/home/sabeur/Documents/DWL/BO_sc-downloader.env-v1/output/diw362_72604_UP_17.3_totalplay_debug/build/libintldr-1.0.0/build/CMakeFiles/CMakeTmp'
/usr/bin/make -f CMakeFiles/cmTryCompileExec4191837369.dir/build.make CMakeFiles/cmTryCompileExec4191837369.dir/build
make[3]: Entering directory '/home/sabeur/Documents/DWL/BO_sc-downloader.env-v1/output/diw362_72604_UP_17.3_totalplay_debug/build/libintldr-1.0.0/build/CMakeFiles/CMakeTmp'
/home/sabeur/Documents/DWL/BO_sc-downloader.env-v1/output/diw362_72604_UP_17.3_totalplay_debug/host/usr/bin/cmake -E cmake_progress_report /home/sabeur/Documents/DWL/BO_sc-downloader.env-v1/output/diw362_72604_UP_17.3_totalplay_debug/build/libintldr-1.0.0/build/CMakeFiles/CMakeTmp/CMakeFiles 1
Building CXX object CMakeFiles/cmTryCompileExec4191837369.dir/feature_tests.cxx.o
/home/sabeur/Documents/DWL/BO_sc-downloader.env-v1/output/diw362_72604_UP_17.3_totalplay_debug/host/usr/bin/arm-linux-g++    -D_LARGEFILE_SOURCE -D_LARGEFILE64_SOURCE -D_FILE_OFFSET_BITS=64 -pipe -fstack-protector-all -O2 -fstack-protector-all -fstack-protector-all     -std=c++98 -o CMakeFiles/cmTryCompileExec4191837369.dir/feature_tests.cxx.o -c /home/sabeur/Documents/DWL/BO_sc-downloader.env-v1/output/diw362_72604_UP_17.3_totalplay_debug/build/libintldr-1.0.0/build/CMakeFiles/feature_tests.cxx
Linking CXX executable cmTryCompileExec4191837369
/home/sabeur/Documents/DWL/BO_sc-downloader.env-v1/output/diw362_72604_UP_17.3_totalplay_debug/host/usr/bin/cmake -E cmake_link_script CMakeFiles/cmTryCompileExec4191837369.dir/link.txt --verbose=1
/home/sabeur/Documents/DWL/BO_sc-downloader.env-v1/output/diw362_72604_UP_17.3_totalplay_debug/host/usr/bin/arm-linux-g++   -D_LARGEFILE_SOURCE -D_LARGEFILE64_SOURCE -D_FILE_OFFSET_BITS=64 -pipe -fstack-protector-all -O2 -fstack-protector-all -fstack-protector-all      CMakeFiles/cmTryCompileExec4191837369.dir/feature_tests.cxx.o  -o cmTryCompileExec4191837369 -rdynamic 
make[3]: Leaving directory '/home/sabeur/Documents/DWL/BO_sc-downloader.env-v1/output/diw362_72604_UP_17.3_totalplay_debug/build/libintldr-1.0.0/build/CMakeFiles/CMakeTmp'
make[2]: Leaving directory '/home/sabeur/Documents/DWL/BO_sc-downloader.env-v1/output/diw362_72604_UP_17.3_totalplay_debug/build/libintldr-1.0.0/build/CMakeFiles/CMakeTmp'


    Feature record: CXX_FEATURE:0cxx_alias_templates
    Feature record: CXX_FEATURE:0cxx_alignas
    Feature record: CXX_FEATURE:0cxx_alignof
    Feature record: CXX_FEATURE:0cxx_attributes
    Feature record: CXX_FEATURE:0cxx_attribute_deprecated
    Feature record: CXX_FEATURE:0cxx_auto_type
    Feature record: CXX_FEATURE:0cxx_binary_literals
    Feature record: CXX_FEATURE:0cxx_constexpr
    Feature record: CXX_FEATURE:0cxx_contextual_conversions
    Feature record: CXX_FEATURE:0cxx_decltype
    Feature record: CXX_FEATURE:0cxx_decltype_auto
    Feature record: CXX_FEATURE:0cxx_decltype_incomplete_return_types
    Feature record: CXX_FEATURE:0cxx_default_function_template_args
    Feature record: CXX_FEATURE:0cxx_defaulted_functions
    Feature record: CXX_FEATURE:0cxx_defaulted_move_initializers
    Feature record: CXX_FEATURE:0cxx_delegating_constructors
    Feature record: CXX_FEATURE:0cxx_deleted_functions
    Feature record: CXX_FEATURE:0cxx_digit_separators
    Feature record: CXX_FEATURE:0cxx_enum_forward_declarations
    Feature record: CXX_FEATURE:0cxx_explicit_conversions
    Feature record: CXX_FEATURE:0cxx_extended_friend_declarations
    Feature record: CXX_FEATURE:0cxx_extern_templates
    Feature record: CXX_FEATURE:0cxx_final
    Feature record: CXX_FEATURE:0cxx_func_identifier
    Feature record: CXX_FEATURE:0cxx_generalized_initializers
    Feature record: CXX_FEATURE:0cxx_generic_lambdas
    Feature record: CXX_FEATURE:0cxx_inheriting_constructors
    Feature record: CXX_FEATURE:0cxx_inline_namespaces
    Feature record: CXX_FEATURE:0cxx_lambdas
    Feature record: CXX_FEATURE:0cxx_lambda_init_captures
    Feature record: CXX_FEATURE:0cxx_local_type_template_args
    Feature record: CXX_FEATURE:0cxx_long_long_type
    Feature record: CXX_FEATURE:0cxx_noexcept
    Feature record: CXX_FEATURE:0cxx_nonstatic_member_init
    Feature record: CXX_FEATURE:0cxx_nullptr
    Feature record: CXX_FEATURE:0cxx_override
    Feature record: CXX_FEATURE:0cxx_range_for
    Feature record: CXX_FEATURE:0cxx_raw_string_literals
    Feature record: CXX_FEATURE:0cxx_reference_qualified_functions
    Feature record: CXX_FEATURE:0cxx_return_type_deduction
    Feature record: CXX_FEATURE:0cxx_right_angle_brackets
    Feature record: CXX_FEATURE:0cxx_rvalue_references
    Feature record: CXX_FEATURE:0cxx_sizeof_member
    Feature record: CXX_FEATURE:0cxx_static_assert
    Feature record: CXX_FEATURE:0cxx_strong_enums
    Feature record: CXX_FEATURE:1cxx_template_template_parameters
    Feature record: CXX_FEATURE:0cxx_thread_local
    Feature record: CXX_FEATURE:0cxx_trailing_return_types
    Feature record: CXX_FEATURE:0cxx_unicode_literals
    Feature record: CXX_FEATURE:0cxx_uniform_initialization
    Feature record: CXX_FEATURE:0cxx_unrestricted_unions
    Feature record: CXX_FEATURE:0cxx_user_literals
    Feature record: CXX_FEATURE:0cxx_variadic_macros
    Feature record: CXX_FEATURE:0cxx_variadic_templates
